<?xml version="1.0" encoding="UTF-8" ?>
<testsuite errors="0" failures="0" hostname="salvator.local" name="uko.cryptology.tools.BinaryMethodTest" tests="2" time="0.12" timestamp="2011-05-31T05:32:04">
  <properties>
    <property name="libs.jsp-compiler.javadoc" value="" />
    <property name="netbeans.autoupdate.country" value="US" />
    <property name="release.dir" value="/Users/uko/Development/Beans/nb-platform/Cryptology/Tools/release" />
    <property name="nbm.module.author" value="" />
    <property name="ant.file.uko.cryptology.tools-impl" value="/Users/uko/Development/Beans/nb-platform/Cryptology/Tools/nbproject/build-impl.xml" />
    <property name="libs.jsf20.maven-pom" value="" />
    <property name="libs.DataBindingME.src" value="/Applications/NetBeans/NetBeans 7.0.app/Contents/Resources/NetBeans/mobility/sources/netbeans_databindingme-src.zip" />
    <property name="libs.j2me_ant_ext.javadoc" value="" />
    <property name="libs.junit.javadoc" value="/Applications/NetBeans/NetBeans 7.0.app/Contents/Resources/NetBeans/java/docs/junit-3.8.2-api.zip" />
    <property name="libs.nsicom-ant-utils.src" value="" />
    <property name="libs.nokiaS80-ant-utils.javadoc" value="" />
    <property name="ant.core.lib" value="/Applications/NetBeans/NetBeans 7.0.app/Contents/Resources/NetBeans/java/ant/lib/ant.jar" />
    <property name="build.compiler.debug" value="true" />
    <property name="libs.swing-app-framework.src" value="" />
    <property name="libs.jakarta_slide_ant_webdav.javadoc" value="" />
    <property name="libs.toplink.classpath" value="/Applications/NetBeans/NetBeans 7.0.app/Contents/Resources/NetBeans/java/modules/ext/toplink/toplink-essentials.jar:/Applications/NetBeans/NetBeans 7.0.app/Contents/Resources/NetBeans/java/modules/ext/toplink/toplink-essentials-agent.jar" />
    <property name="libs.jsp-compilation.javadoc" value="" />
    <property name="user.dir" value="/" />
    <property name="com.apple.mrj.application.apple.menu.about.name" value="NetBeans" />
    <property name="ant.file.type.uko.cryptology.tools-impl" value="file" />
    <property name="libs.hibernate-persistence.javadoc" value="" />
    <property name="libs.JMUnit4CLDC10.javadoc" value="/Applications/NetBeans/NetBeans 7.0.app/Contents/Resources/NetBeans/mobility/modules/docs/jmunit-1.2.1-api.zip" />
    <property name="java.vm.version" value="19.1-b02-334" />
    <property name="libs.DataBindingME.classpath" value="/Applications/NetBeans/NetBeans 7.0.app/Contents/Resources/NetBeans/mobility/modules/ext/netbeans_databindingme.jar" />
    <property name="libs.jstl11.maven-pom" value="" />
    <property name="libs.Java-EE-GlassFish-v3.wsimport" value="" />
    <property name="libs.nsicom-ant-utils.classpath" value="/Applications/NetBeans/NetBeans 7.0.app/Contents/Resources/NetBeans/mobility/ant/nblib/org-netbeans-modules-j2me-cdc-project-nsicom.jar" />
    <property name="libs.MySQLDriver.classpath" value="/Applications/NetBeans/NetBeans 7.0.app/Contents/Resources/NetBeans/ide/modules/ext/mysql-connector-java-5.1.13-bin.jar" />
    <property name="build.test.qa-functional.dir" value="/Users/uko/Development/Beans/nb-platform/Cryptology/Tools/build/test/qa-functional" />
    <property name="libs.eclipselinkmodelgen.src" value="" />
    <property name="libs.jstl11.src" value="" />
    <property name="netbeans.autoupdate.version" value="1.23" />
    <property name="libs.EclipseLink-GlassFish-v3.classpath" value="/Applications/NetBeans/glassfish3/glassfish/modules/org.eclipse.persistence.antlr.jar:/Applications/NetBeans/glassfish3/glassfish/modules/org.eclipse.persistence.asm.jar:/Applications/NetBeans/glassfish3/glassfish/modules/org.eclipse.persistence.core.jar:/Applications/NetBeans/glassfish3/glassfish/modules/org.eclipse.persistence.jpa.jar:/Applications/NetBeans/glassfish3/glassfish/modules/org.eclipse.persistence.jpa.modelgen.jar:/Applications/NetBeans/glassfish3/glassfish/modules/org.eclipse.persistence.oracle.jar:/Applications/NetBeans/glassfish3/glassfish/modules/javax.persistence.jar" />
    <property name="libs.javaee-web-api-6.0.classpath" value="/Applications/NetBeans/NetBeans 7.0.app/Contents/Resources/NetBeans/enterprise/modules/ext/javaee-web-api-6.0.jar" />
    <property name="build.package.index" value="false" />
    <property name="libs.DataBindingME-PIM.maven-pom" value="" />
    <property name="libs.hibernate-support.maven-pom" value="" />
    <property name="libs.hibernate-support.javadoc" value="" />
    <property name="libs.NetBeans MIDP Components.maven-pom" value="" />
    <property name="jdk.home" value="/System/Library/Java/JavaVirtualMachines/1.6.0.jdk/Contents/Home" />
    <property name="nbm" value="uko-cryptology-tools.nbm" />
    <property name="libs.javac-api.src" value="" />
    <property name="module.javadoc.packages" value="uko.cryptology.tools" />
    <property name="ant.file.type.uko.cryptology.tools" value="file" />
    <property name="javahelp.search" value="JavaHelpSearch" />
    <property name="sun.os.patch.level" value="unknown" />
    <property name="java.vm.specification.name" value="Java Virtual Machine Specification" />
    <property name="libs.semc-ant-utils.classpath" value="/Applications/NetBeans/NetBeans 7.0.app/Contents/Resources/NetBeans/mobility/modules/ext/org-netbeans-modules-j2me-cdc-project-semc.jar" />
    <property name="nb.show.statistics.ui" value="usageStatisticsEnabled" />
    <property name="libs.nokiadeployment.classpath" value="/Applications/NetBeans/NetBeans 7.0.app/Contents/Resources/NetBeans/mobility/modules/org-netbeans-modules-mobility-deployment-nokia.jar" />
    <property name="netbeans.autoupdate.variant" value="" />
    <property name="libs.nokiaS80-ant-utils.maven-pom" value="" />
    <property name="cluster.path.basedir" value="/Users/uko/Development/Beans/nb-platform/Cryptology/Tools/.." />
    <property name="org.xml.sax.driver" value="com.sun.org.apache.xerces.internal.jaxp.SAXParserImpl$JAXPSAXParser" />
    <property name="libs.nb_svg_midp_components.src" value="/Applications/NetBeans/NetBeans 7.0.app/Contents/Resources/NetBeans/mobility/sources/nb_svg_midp_components-src.zip" />
    <property name="test.unit.run.cp.short" value="" />
    <property name="test.unit.dir" value="/Users/uko/Development/Beans/nb-platform/Cryptology/Tools/test/unit" />
    <property name="libs.NetBeans MIDP Components WMA.src" value="/Applications/NetBeans/NetBeans 7.0.app/Contents/Resources/NetBeans/mobility/sources/netbeans_midp_components_wma-src.zip" />
    <property name="libs.javac-api.javadoc" value="" />
    <property name="os.name" value="Mac OS X" />
    <property name="public.packages" value="uko.cryptology.tools.*" />
    <property name="module.files.toString" value="patternSet{ includes: [modules/uko-cryptology-tools.jar, modules/docs/uko-cryptology-tools.jar:if-&gt;has.javahelp, config/Modules/uko-cryptology-tools.xml, config/ModuleAutoDeps/uko-cryptology-tools.xml:if-&gt;has.module.auto.deps, ant/nblib/uko-cryptology-tools.jar] excludes: [] }" />
    <property name="libs.beans-binding.classpath" value="/Applications/NetBeans/NetBeans 7.0.app/Contents/Resources/NetBeans/java/modules/ext/beansbinding-1.2.1.jar" />
    <property name="test.unit.src.dir" value="/Users/uko/Development/Beans/nb-platform/Cryptology/Tools/test/unit/src" />
    <property name="libs.hadoop-library-0.20.javadoc" value="/Users/uko/.netbeans/7.0/modules/ext/hadoop-0.20.2-javadoc.jar" />
    <property name="libs.DataBindingME-SVG.javadoc" value="/Applications/NetBeans/NetBeans 7.0.app/Contents/Resources/NetBeans/mobility/modules/docs/netbeans_databindingme_svg-api.zip" />
    <property name="libs.restapi.javadoc" value="/Applications/NetBeans/NetBeans 7.0.app/Contents/Resources/NetBeans/enterprise/docs/jsr311-api-1.1.1-javadoc.zip" />
    <property name="mrj.version" value="1060.1.6.0_24-334" />
    <property name="libs.JWSAntTasks.maven-pom" value="" />
    <property name="libs.ojec-ant-utils.src" value="" />
    <property name="libs.log4j-library.maven-pom" value="" />
    <property name="libs.spring-webmvc3.0.src" value="" />
    <property name="libs.restapi.classpath" value="/Applications/NetBeans/NetBeans 7.0.app/Contents/Resources/NetBeans/enterprise/modules/ext/rest/jsr311-api-1.1.1.jar" />
    <property name="java.vendor.url.bug" value="http://bugreport.apple.com/" />
    <property name="libs.nsicom-ant-utils.javadoc" value="" />
    <property name="buildnumber" value="110531" />
    <property name="nbplatform.active" value="default" />
    <property name="libs.jaxb.maven-pom" value="" />
    <property name="extra.module.files" value="" />
    <property name="os.arch" value="x86_64" />
    <property name="libs.eclipselink.src" value="" />
    <property name="user.name" value="uko" />
    <property name="libs.jsf12.javadoc" value="/Applications/NetBeans/NetBeans 7.0.app/Contents/Resources/NetBeans/enterprise/docs/javaee6-doc-api.zip" />
    <property name="libs.Comet-GlassFish-v3.javadoc" value="" />
    <property name="libs.spring-webmvc3.0.maven-pom" value="" />
    <property name="libs.swing-layout.maven-pom" value="" />
    <property name="build.classes.dir" value="/Users/uko/Development/Beans/nb-platform/Cryptology/Tools/build/classes" />
    <property name="netbeans.accept_license_class" value="org.netbeans.license.AcceptLicense" />
    <property name="libs.Java-EE-GlassFish-v3.wsjwsdp" value="" />
    <property name="build.sysclasspath" value="ignore" />
    <property name="libs.jaxws21.javadoc" value="/Applications/NetBeans/NetBeans 7.0.app/Contents/Resources/NetBeans/java/docs/jaxws-api-doc.zip" />
    <property name="test.run.args" value="-ea" />
    <property name="extra.test.libs.dir" value="/Users/uko/Development/Beans/nb-platform/Cryptology/build/testdist/extralibs" />
    <property name="libs.ojec-ant-utils.maven-pom" value="" />
    <property name="user.country" value="US" />
    <property name="libs.jstl11.javadoc" value="/Applications/NetBeans/NetBeans 7.0.app/Contents/Resources/NetBeans/enterprise/docs/javaee6-doc-api.zip" />
    <property name="libs.JMUnit4CLDC11.src" value="" />
    <property name="libs.hadoop-library-0.20.maven-pom" value="" />
    <property name="libs.jsp-compilation-syscp.src" value="" />
    <property name="libs.JAVADB_DRIVER_LABEL.src" value="" />
    <property name="ant.file.type.harness" value="file" />
    <property name="ant.file.jdk" value="/Applications/NetBeans/NetBeans 7.0.app/Contents/Resources/NetBeans/harness/jdk.xml" />
    <property name="dtd.cp" value="/Applications/NetBeans/NetBeans 7.0.app/Contents/Resources/NetBeans/platform/core/org-openide-filesystems.jar" />
    <property name="netbeans.system_http_non_proxy_hosts" value="" />
    <property name="disabled.modules" value="org.jdesktop.layout,org.netbeans.api.visual,org.netbeans.core.execution,org.netbeans.core.multiview,org.netbeans.libs.jsr223,org.netbeans.modules.autoupdate.services,org.netbeans.modules.autoupdate.ui,org.netbeans.modules.core.kit,org.netbeans.modules.favorites,org.netbeans.modules.templates,org.openide.compat,org.openide.execution,org.openide.options,org.openide.util.enumerations" />
    <property name="com.sun.mysql.port" value="3306" />
    <property name="netbeans.home" value="/Applications/NetBeans/NetBeans 7.0.app/Contents/Resources/NetBeans/platform" />
    <property name="build.compiler.emacs" value="true" />
    <property name="libs.javaee-web-api-6.0.src" value="" />
    <property name="libs.ejb3-persistence.src" value="" />
    <property name="libs.Java-EE-GlassFish-v3.javadoc" value="/Applications/NetBeans/NetBeans 7.0.app/Contents/Resources/NetBeans/enterprise/docs/javaee6-doc-api.zip" />
    <property name="libs.BerkeleyDB.classpath" value="/Applications/NetBeans/je-4.1.6/lib/je-4.1.6.jar" />
    <property name="libs.jsp-compilation-syscp.classpath" value="/Applications/NetBeans/NetBeans 7.0.app/Contents/Resources/NetBeans/java/ant/lib/ant.jar:/Applications/NetBeans/NetBeans 7.0.app/Contents/Resources/NetBeans/enterprise/modules/ext/servlet3.0-jsp2.2-api.jar:/Applications/NetBeans/NetBeans 7.0.app/Contents/Resources/NetBeans/enterprise/modules/ext/glassfish-jspparser-3.0.jar:/Applications/NetBeans/NetBeans 7.0.app/Contents/Resources/NetBeans/enterprise/modules/ext/standard.jar:/Applications/NetBeans/NetBeans 7.0.app/Contents/Resources/NetBeans/enterprise/modules/ext/jsf-2_0/jsf-impl.jar" />
    <property name="libs.nokiaS80-ant-utils.src" value="" />
    <property name="libs.cdc-pp-awt-layout.javadoc" value="" />
    <property name="libs.j2me_ant_ext.classpath" value="/Applications/NetBeans/NetBeans 7.0.app/Contents/Resources/NetBeans/mobility/modules/org-netbeans-modules-mobility-antext.jar:/Applications/NetBeans/NetBeans 7.0.app/Contents/Resources/NetBeans/java/modules/org-netbeans-modules-classfile.jar" />
    <property name="java.endorsed.dirs" value="/System/Library/Java/JavaVirtualMachines/1.6.0.jdk/Contents/Home/lib/endorsed" />
    <property name="libs.hadoop-client.classpath" value="/Users/uko/.netbeans/7.0/modules/ext/jsr305.jar:/Users/uko/.netbeans/7.0/modules/ext/commons-logging-1.1.1.jar:/Users/uko/.netbeans/7.0/modules/ext/commons-beanutils-core-1.8.2.jar:/Users/uko/.netbeans/7.0/modules/ext/commons-lang-2.4.jar:/Users/uko/.netbeans/7.0/modules/ext/commons-io-1.4.jar:/Users/uko/.netbeans/7.0/modules/ext/commons-vfs-1.0.jar:/Users/uko/.netbeans/7.0/modules/ext/commons-cli-2.0-SNAPSHOT.jar:/Users/uko/.netbeans/7.0/modules/ext/collections-generic-4.01.jar:/Users/uko/.netbeans/7.0/modules/ext/karmasphere-client-apache.jar:/Users/uko/.netbeans/7.0/modules/ext/karmasphere-client-amazon.jar:/Users/uko/.netbeans/7.0/modules/ext/aws-java-sdk-1.0.003-ioe.jar:/Users/uko/.netbeans/7.0/modules/ext/jsch-0.1.42-patched.jar:/Users/uko/.netbeans/7.0/modules/ext/karmasphere-client.jar" />
    <property name="libs.Comet-GlassFish-v3.maven-pom" value="" />
    <property name="libs.groovy-all.src" value="" />
    <property name="test.includes" value="**/*Test.class" />
    <property name="netbeans.dynamic.classpath" value="/Applications/NetBeans/NetBeans 7.0.app/Contents/Resources/NetBeans/platform/core/core.jar:/Applications/NetBeans/NetBeans 7.0.app/Contents/Resources/NetBeans/platform/core/org-openide-filesystems.jar:/Applications/NetBeans/NetBeans 7.0.app/Contents/Resources/NetBeans/platform/core/locale/core_ja.jar:/Applications/NetBeans/NetBeans 7.0.app/Contents/Resources/NetBeans/platform/core/locale/core_pt_BR.jar:/Applications/NetBeans/NetBeans 7.0.app/Contents/Resources/NetBeans/platform/core/locale/core_ru.jar:/Applications/NetBeans/NetBeans 7.0.app/Contents/Resources/NetBeans/platform/core/locale/core_zh_CN.jar:/Applications/NetBeans/NetBeans 7.0.app/Contents/Resources/NetBeans/platform/core/locale/org-openide-filesystems_ja.jar:/Applications/NetBeans/NetBeans 7.0.app/Contents/Resources/NetBeans/platform/core/locale/org-openide-filesystems_pt_BR.jar:/Applications/NetBeans/NetBeans 7.0.app/Contents/Resources/NetBeans/platform/core/locale/org-openide-filesystems_ru.jar:/Applications/NetBeans/NetBeans 7.0.app/Contents/Resources/NetBeans/platform/core/locale/org-openide-filesystems_zh_CN.jar:/Applications/NetBeans/NetBeans 7.0.app/Contents/Resources/NetBeans/nb/core/org-netbeans-upgrader.jar:/Applications/NetBeans/NetBeans 7.0.app/Contents/Resources/NetBeans/nb/core/locale/core_nb.jar:/Applications/NetBeans/NetBeans 7.0.app/Contents/Resources/NetBeans/nb/core/locale/core_nb_ja.jar:/Applications/NetBeans/NetBeans 7.0.app/Contents/Resources/NetBeans/nb/core/locale/core_nb_pt_BR.jar:/Applications/NetBeans/NetBeans 7.0.app/Contents/Resources/NetBeans/nb/core/locale/core_nb_ru.jar:/Applications/NetBeans/NetBeans 7.0.app/Contents/Resources/NetBeans/nb/core/locale/core_nb_zh_CN.jar:/Applications/NetBeans/NetBeans 7.0.app/Contents/Resources/NetBeans/nb/core/locale/org-netbeans-upgrader_ja.jar:/Applications/NetBeans/NetBeans 7.0.app/Contents/Resources/NetBeans/nb/core/locale/org-netbeans-upgrader_pt_BR.jar:/Applications/NetBeans/NetBeans 7.0.app/Contents/Resources/NetBeans/nb/core/locale/org-netbeans-upgrader_ru.jar:/Applications/NetBeans/NetBeans 7.0.app/Contents/Resources/NetBeans/nb/core/locale/org-netbeans-upgrader_zh_CN.jar" />
    <property name="libs.cdc-agui-swing-layout.maven-pom" value="" />
    <property name="libs.cdc-pp-awt-layout.src" value="/Applications/NetBeans/NetBeans 7.0.app/Contents/Resources/NetBeans/mobility/sources/cdc-pp-awt-layout-src.zip" />
    <property name="java.vm.specification.version" value="1.0" />
    <property name="libs.jakarta_slide_ant_webdav.src" value="" />
    <property name="test.excludes" value="" />
    <property name="libs.primefaces.classpath" value="/Applications/NetBeans/NetBeans 7.0.app/Contents/Resources/NetBeans/enterprise/modules/ext/primefaces/primefaces-2.2.1.jar" />
    <property name="libs.javaee-api-6.0.classpath" value="/Applications/NetBeans/NetBeans 7.0.app/Contents/Resources/NetBeans/enterprise/modules/ext/javaee-api-6.0.jar" />
    <property name="libs.sjmc-ant-utils.maven-pom" value="" />
    <property name="libs.groovy-all.maven-pom" value="" />
    <property name="libs.JMUnit4CLDC10.maven-pom" value="" />
    <property name="ftp.nonProxyHosts" value="local|*.local|169.254/16|*.169.254/16" />
    <property name="libs.hibernate-persistence.classpath" value="/Applications/NetBeans/NetBeans 7.0.app/Contents/Resources/NetBeans/java/modules/ext/hibernate/antlr-2.7.6.jar:/Applications/NetBeans/NetBeans 7.0.app/Contents/Resources/NetBeans/java/modules/ext/hibernate/asm.jar:/Applications/NetBeans/NetBeans 7.0.app/Contents/Resources/NetBeans/java/modules/ext/hibernate/asm-attrs.jar:/Applications/NetBeans/NetBeans 7.0.app/Contents/Resources/NetBeans/java/modules/ext/hibernate/cglib-2.1.3.jar:/Applications/NetBeans/NetBeans 7.0.app/Contents/Resources/NetBeans/java/modules/ext/hibernate/commons-collections-2.1.1.jar:/Applications/NetBeans/NetBeans 7.0.app/Contents/Resources/NetBeans/ide/modules/ext/commons-logging-1.1.jar:/Applications/NetBeans/NetBeans 7.0.app/Contents/Resources/NetBeans/java/modules/ext/hibernate/dom4j-1.6.1.jar:/Applications/NetBeans/NetBeans 7.0.app/Contents/Resources/NetBeans/java/modules/ext/hibernate/ehcache-1.2.3.jar:/Applications/NetBeans/NetBeans 7.0.app/Contents/Resources/NetBeans/java/modules/ext/hibernate/jdbc2_0-stdext.jar:/Applications/NetBeans/NetBeans 7.0.app/Contents/Resources/NetBeans/java/modules/ext/hibernate/jta.jar:/Applications/NetBeans/NetBeans 7.0.app/Contents/Resources/NetBeans/java/modules/ext/hibernate/hibernate3.jar:/Applications/NetBeans/NetBeans 7.0.app/Contents/Resources/NetBeans/java/modules/ext/hibernate/hibernate-tools.jar:/Applications/NetBeans/NetBeans 7.0.app/Contents/Resources/NetBeans/java/modules/ext/hibernate/hibernate-annotations.jar:/Applications/NetBeans/NetBeans 7.0.app/Contents/Resources/NetBeans/java/modules/ext/hibernate/hibernate-commons-annotations.jar:/Applications/NetBeans/NetBeans 7.0.app/Contents/Resources/NetBeans/java/modules/ext/hibernate/hibernate-entitymanager.jar:/Applications/NetBeans/NetBeans 7.0.app/Contents/Resources/NetBeans/java/modules/ext/hibernate/javassist.jar:/Applications/NetBeans/NetBeans 7.0.app/Contents/Resources/NetBeans/java/modules/ext/hibernate/ejb3-persistence.jar" />
    <property name="libs.jaxws21.src" value="" />
    <property name="libs.swing-app-framework.classpath" value="/Applications/NetBeans/NetBeans 7.0.app/Contents/Resources/NetBeans/java/modules/ext/appframework-1.0.3.jar:/Applications/NetBeans/NetBeans 7.0.app/Contents/Resources/NetBeans/java/modules/ext/swing-worker-1.1.jar" />
    <property name="netbeans.autoupdate.language" value="en" />
    <property name="libs.jakarta_slide_ant_webdav.classpath" value="/Applications/NetBeans/NetBeans 7.0.app/Contents/Resources/NetBeans/mobility/modules/ext/commons-httpclient-3.0.1.jar:/Applications/NetBeans/NetBeans 7.0.app/Contents/Resources/NetBeans/ide/modules/ext/commons-logging-1.1.jar:/Applications/NetBeans/NetBeans 7.0.app/Contents/Resources/NetBeans/mobility/modules/ext/jdom-1.0.jar:/Applications/NetBeans/NetBeans 7.0.app/Contents/Resources/NetBeans/mobility/modules/ext/jakarta-slide-webdavlib-2.1.jar:/Applications/NetBeans/NetBeans 7.0.app/Contents/Resources/NetBeans/mobility/modules/ext/jakarta-slide-ant-webdav-2.1.jar" />
    <property name="cluster.path.final" value="/Applications/NetBeans/NetBeans 7.0.app/Contents/Resources/NetBeans/platform:/Users/uko/Development/Beans/nb-platform/Cryptology/Tools/../build/cluster" />
    <property name="java.vendor" value="Apple Inc." />
    <property name="libs.JMUnit4CLDC10.src" value="" />
    <property name="libs.javaee-api-6.0.javadoc" value="/Applications/NetBeans/NetBeans 7.0.app/Contents/Resources/NetBeans/enterprise/docs/javaee6-doc-api.zip" />
    <property name="code.name.base.dashes" value="uko-cryptology-tools" />
    <property name="file.separator" value="/" />
    <property name="module.run.classpath" value="" />
    <property name="nbjdk.home.defaulted" value="true" />
    <property name="libs.restlib_gfv3ee6.classpath" value="/Applications/NetBeans/glassfish3/glassfish/modules/jackson-core-asl.jar:/Applications/NetBeans/glassfish3/glassfish/modules/jackson-jaxrs.jar:/Applications/NetBeans/glassfish3/glassfish/modules/jackson-mapper-asl.jar:/Applications/NetBeans/glassfish3/glassfish/modules/jersey-client.jar:/Applications/NetBeans/glassfish3/glassfish/modules/jersey-core.jar:/Applications/NetBeans/glassfish3/glassfish/modules/jersey-gf-server.jar:/Applications/NetBeans/glassfish3/glassfish/modules/jersey-json.jar:/Applications/NetBeans/glassfish3/glassfish/modules/jersey-multipart.jar:/Applications/NetBeans/glassfish3/glassfish/modules/jettison.jar:/Applications/NetBeans/glassfish3/glassfish/modules/mimepull.jar" />
    <property name="libs.ActiveSync.classpath" value="/Applications/NetBeans/NetBeans 7.0.app/Contents/Resources/NetBeans/mobility/modules/ext/nbactivesync-5.0.jar" />
    <property name="libs.junit_4.maven-pom" value="" />
    <property name="build.test.unit.work.dir" value="/Users/uko/Development/Beans/nb-platform/Cryptology/Tools/build/test/unit/work" />
    <property name="netbeans.buildnumber" value="201104080000" />
    <property name="libs.JWSAntTasks.javadoc" value="" />
    <property name="libs.eclipselinkmodelgen.classpath" value="/Applications/NetBeans/NetBeans 7.0.app/Contents/Resources/NetBeans/java/modules/ext/eclipselink/eclipselink-jpa-modelgen-2.2.0.jar" />
    <property name="libs.Java-EE-GlassFish-v3.wscompile" value="" />
    <property name="nbm.needs.restart" value="false" />
    <property name="sun.java.launcher" value="SUN_STANDARD" />
    <property name="libs.junit.classpath" value="/Applications/NetBeans/NetBeans 7.0.app/Contents/Resources/NetBeans/java/modules/ext/junit-3.8.2.jar" />
    <property name="libs.jaxb.javadoc" value="/Applications/NetBeans/NetBeans 7.0.app/Contents/Resources/NetBeans/ide/docs/jaxb-api-doc.zip" />
    <property name="libs.hadoop-library.javadoc" value="/Users/uko/.netbeans/7.0/modules/ext/hadoop-0.18.3-javadoc.jar" />
    <property name="libs.struts.classpath" value="/Applications/NetBeans/NetBeans 7.0.app/Contents/Resources/NetBeans/enterprise/modules/ext/struts/antlr-2.7.2.jar:/Applications/NetBeans/NetBeans 7.0.app/Contents/Resources/NetBeans/enterprise/modules/ext/struts/bsf-2.3.0.jar:/Applications/NetBeans/NetBeans 7.0.app/Contents/Resources/NetBeans/enterprise/modules/ext/struts/commons-beanutils-1.7.0.jar:/Applications/NetBeans/NetBeans 7.0.app/Contents/Resources/NetBeans/enterprise/modules/ext/struts/commons-chain-1.1.jar:/Applications/NetBeans/NetBeans 7.0.app/Contents/Resources/NetBeans/enterprise/modules/ext/struts/commons-digester-1.8.jar:/Applications/NetBeans/NetBeans 7.0.app/Contents/Resources/NetBeans/enterprise/modules/ext/struts/commons-fileupload-1.1.1.jar:/Applications/NetBeans/NetBeans 7.0.app/Contents/Resources/NetBeans/enterprise/modules/ext/struts/commons-io-1.1.jar:/Applications/NetBeans/NetBeans 7.0.app/Contents/Resources/NetBeans/enterprise/modules/ext/struts/commons-logging-1.0.4.jar:/Applications/NetBeans/NetBeans 7.0.app/Contents/Resources/NetBeans/enterprise/modules/ext/struts/commons-validator-1.3.1.jar:/Applications/NetBeans/NetBeans 7.0.app/Contents/Resources/NetBeans/enterprise/modules/ext/struts/jstl-1.0.2.jar:/Applications/NetBeans/NetBeans 7.0.app/Contents/Resources/NetBeans/enterprise/modules/ext/struts/oro-2.0.8.jar:/Applications/NetBeans/NetBeans 7.0.app/Contents/Resources/NetBeans/enterprise/modules/ext/struts/standard-1.0.2.jar:/Applications/NetBeans/NetBeans 7.0.app/Contents/Resources/NetBeans/enterprise/modules/ext/struts/struts-core-1.3.8.jar:/Applications/NetBeans/NetBeans 7.0.app/Contents/Resources/NetBeans/enterprise/modules/ext/struts/struts-el-1.3.8.jar:/Applications/NetBeans/NetBeans 7.0.app/Contents/Resources/NetBeans/enterprise/modules/ext/struts/struts-extras-1.3.8.jar:/Applications/NetBeans/NetBeans 7.0.app/Contents/Resources/NetBeans/enterprise/modules/ext/struts/struts-faces-1.3.8.jar:/Applications/NetBeans/NetBeans 7.0.app/Contents/Resources/NetBeans/enterprise/modules/ext/struts/struts-mailreader-dao-1.3.8.jar:/Applications/NetBeans/NetBeans 7.0.app/Contents/Resources/NetBeans/enterprise/modules/ext/struts/struts-scripting-1.3.8.jar:/Applications/NetBeans/NetBeans 7.0.app/Contents/Resources/NetBeans/enterprise/modules/ext/struts/struts-taglib-1.3.8.jar:/Applications/NetBeans/NetBeans 7.0.app/Contents/Resources/NetBeans/enterprise/modules/ext/struts/struts-tiles-1.3.8.jar" />
    <property name="libs.hadoop-library-0.18.3.src" value="/Users/uko/.netbeans/7.0/modules/ext/hadoop-0.18.3-sources.jar" />
    <property name="org.openide.awt.SwingBrowserImpl.do-not-block-awt" value="false" />
    <property name="nbm.executable.files" value="[NOTHING]" />
    <property name="ant.home" value="/Applications/NetBeans/NetBeans 7.0.app/Contents/Resources/NetBeans/java/ant" />
    <property name="libs.junit_4.src" value="/Applications/NetBeans/NetBeans 7.0.app/Contents/Resources/NetBeans/java/docs/junit-4.8.2-src.jar" />
    <property name="libs.ricoh-ant-utils.maven-pom" value="" />
    <property name="libs.log4j-library.javadoc" value="" />
    <property name="test.unit.folder" value="/Users/uko/Development/Beans/nb-platform/Cryptology/Tools/../build/testdist/unit/cluster/uko-cryptology-tools" />
    <property name="libs.absolutelayout.maven-pom" value="" />
    <property name="ant.java.version" value="1.6" />
    <property name="java.library.path" value=".:/Library/Java/Extensions:/System/Library/Java/Extensions:/usr/lib/java" />
    <property name="libs.metro.maven-pom" value="" />
    <property name="build.test.unit.classes.dir" value="/Users/uko/Development/Beans/nb-platform/Cryptology/Tools/build/test/unit/classes" />
    <property name="libs.EclipseLink-GlassFish-v3.src" value="" />
    <property name="libs.hadoop-library-0.20.0.maven-pom" value="" />
    <property name="libs.hadoop-samples.src" value="/Users/uko/.netbeans/7.0/modules/ext/hadoop-karmasphere-samples-sources.jar" />
    <property name="java.util.logging.config.class" value="org.netbeans.core.startup.TopLogging" />
    <property name="DSTAMP" value="20110531" />
    <property name="nbjunit.workdir" value="/Users/uko/Development/Beans/nb-platform/Cryptology/Tools/build/test/unit/work" />
    <property name="libs.PostgreSQLDriver.src" value="" />
    <property name="test.qa-functional.data.dir" value="/Users/uko/Development/Beans/nb-platform/Cryptology/Tools/test/qa-functional/data" />
    <property name="sun.arch.data.model" value="64" />
    <property name="basedir" value="/Users/uko/Development/Beans/nb-platform/Cryptology/Tools" />
    <property name="libs.ActiveSync.src" value="" />
    <property name="libs.NetBeans MIDP Components PDA.src" value="/Applications/NetBeans/NetBeans 7.0.app/Contents/Resources/NetBeans/mobility/sources/netbeans_midp_components_pda-src.zip" />
    <property name="libs.jstl11.classpath" value="/Applications/NetBeans/NetBeans 7.0.app/Contents/Resources/NetBeans/enterprise/modules/ext/standard.jar:/Applications/NetBeans/NetBeans 7.0.app/Contents/Resources/NetBeans/enterprise/modules/ext/jstl.jar" />
    <property name="libs.hadoop-library.maven-pom" value="" />
    <property name="path.separator" value=":" />
    <property name="libs.javaee-web-api-6.0.javadoc" value="/Applications/NetBeans/NetBeans 7.0.app/Contents/Resources/NetBeans/enterprise/docs/javaee6-doc-api.zip" />
    <property name="ant.junit.enabletestlistenerevents" value="true" />
    <property name="sun.io.unicode.encoding" value="UnicodeLittle" />
    <property name="libs.semc-ant-utils.javadoc" value="" />
    <property name="libs.jaxws21.classpath" value="/Applications/NetBeans/NetBeans 7.0.app/Contents/Resources/NetBeans/ide/modules/ext/jaxb/jaxb-impl.jar:/Applications/NetBeans/NetBeans 7.0.app/Contents/Resources/NetBeans/ide/modules/ext/jaxb/jaxb-xjc.jar:/Applications/NetBeans/NetBeans 7.0.app/Contents/Resources/NetBeans/java/modules/ext/jaxws22/FastInfoset.jar:/Applications/NetBeans/NetBeans 7.0.app/Contents/Resources/NetBeans/java/modules/ext/jaxws22/gmbal-api-only.jar:/Applications/NetBeans/NetBeans 7.0.app/Contents/Resources/NetBeans/java/modules/ext/jaxws22/http.jar:/Applications/NetBeans/NetBeans 7.0.app/Contents/Resources/NetBeans/java/modules/ext/jaxws22/jaxws-rt.jar:/Applications/NetBeans/NetBeans 7.0.app/Contents/Resources/NetBeans/java/modules/ext/jaxws22/jaxws-tools.jar:/Applications/NetBeans/NetBeans 7.0.app/Contents/Resources/NetBeans/java/modules/ext/jaxws22/management-api.jar:/Applications/NetBeans/NetBeans 7.0.app/Contents/Resources/NetBeans/java/modules/ext/jaxws22/mimepull.jar:/Applications/NetBeans/NetBeans 7.0.app/Contents/Resources/NetBeans/java/modules/ext/jaxws22/policy.jar:/Applications/NetBeans/NetBeans 7.0.app/Contents/Resources/NetBeans/java/modules/ext/jaxws22/saaj-impl.jar:/Applications/NetBeans/NetBeans 7.0.app/Contents/Resources/NetBeans/java/modules/ext/jaxws22/stax-ex.jar:/Applications/NetBeans/NetBeans 7.0.app/Contents/Resources/NetBeans/java/modules/ext/jaxws22/streambuffer.jar:/Applications/NetBeans/NetBeans 7.0.app/Contents/Resources/NetBeans/java/modules/ext/jaxws22/woodstox.jar:/Applications/NetBeans/NetBeans 7.0.app/Contents/Resources/NetBeans/java/modules/ext/jaxws22/api/jaxws-api.jar:/Applications/NetBeans/NetBeans 7.0.app/Contents/Resources/NetBeans/java/modules/ext/jaxws22/api/jsr181-api.jar:/Applications/NetBeans/NetBeans 7.0.app/Contents/Resources/NetBeans/java/modules/ext/jaxws22/api/jsr250-api.jar:/Applications/NetBeans/NetBeans 7.0.app/Contents/Resources/NetBeans/java/modules/ext/jaxws22/api/saaj-api.jar:/Applications/NetBeans/NetBeans 7.0.app/Contents/Resources/NetBeans/ide/modules/ext/jaxb/activation.jar:/Applications/NetBeans/NetBeans 7.0.app/Contents/Resources/NetBeans/ide/modules/ext/jaxb/api/jaxb-api.jar:/Applications/NetBeans/NetBeans 7.0.app/Contents/Resources/NetBeans/ide/modules/ext/jaxb/api/jsr173_api.jar" />
    <property name="TSTAMP" value="0832" />
    <property name="libs.struts.src" value="" />
    <property name="apple.awt.graphics.UseQuartz" value="true" />
    <property name="user.language" value="en" />
    <property name="libs.spring-framework.classpath" value="/Applications/NetBeans/NetBeans 7.0.app/Contents/Resources/NetBeans/ide/modules/ext/commons-logging-1.1.jar:/Applications/NetBeans/NetBeans 7.0.app/Contents/Resources/NetBeans/java/modules/ext/cglib-2.2.jar:/Applications/NetBeans/NetBeans 7.0.app/Contents/Resources/NetBeans/java/modules/ext/spring/spring-2.5.6.SEC01.jar" />
    <property name="libs.eclipselink.maven-pom" value="" />
    <property name="module.classpath" value="" />
    <property name="libs.hadoop-library-0.18.3.maven-pom" value="" />
    <property name="libs.primefaces.javadoc" value="" />
    <property name="libs.spring-framework300.maven-pom" value="" />
    <property name="ant.project.invoked-targets" value="test-unit" />
    <property name="build.test.unit.results.dir" value="/Users/uko/Development/Beans/nb-platform/Cryptology/Tools/build/test/unit/results" />
    <property name="useJavaUtilZip" value="true" />
    <property name="test-qa-functional-sys-prop.cluster.path.final" value="/Applications/NetBeans/NetBeans 7.0.app/Contents/Resources/NetBeans/platform:/Users/uko/Development/Beans/nb-platform/Cryptology/Tools/../build/cluster" />
    <property name="libs.swing-layout.javadoc" value="/Applications/NetBeans/NetBeans 7.0.app/Contents/Resources/NetBeans/platform/docs/swing-layout-1.0.4-doc.zip" />
    <property name="nbm.is.global" value="" />
    <property name="cluster.path.evaluated" value="/Applications/NetBeans/NetBeans 7.0.app/Contents/Resources/NetBeans/platform" />
    <property name="libs.swing-app-framework.javadoc" value="/Applications/NetBeans/NetBeans 7.0.app/Contents/Resources/NetBeans/java/docs/appframework-1.0.3-doc.zip" />
    <property name="libs.ejb3-persistence.maven-pom" value="" />
    <property name="gopherProxySet" value="false" />
    <property name="libs.DataBindingME-SVG.classpath" value="/Applications/NetBeans/NetBeans 7.0.app/Contents/Resources/NetBeans/mobility/modules/ext/netbeans_databindingme_svg.jar" />
    <property name="libs.PostgreSQLDriver.maven-pom" value="" />
    <property name="java.class.version" value="50.0" />
    <property name="libs.JAVADB_DRIVER_LABEL.classpath" value="/Applications/NetBeans/sges-v3/javadb/lib/derby.jar:/Applications/NetBeans/sges-v3/javadb/lib/derbyclient.jar:/Applications/NetBeans/sges-v3/javadb/lib/derbynet.jar" />
    <property name="libs.javaee-endorsed-api-6.0.src" value="" />
    <property name="libs.cdc-ant-utils.classpath" value="/Applications/NetBeans/NetBeans 7.0.app/Contents/Resources/NetBeans/mobility/modules/ext/org-netbeans-modules-j2me-cdc-project.jar" />
    <property name="libs.log4j-library.src" value="" />
    <property name="netbeans.system_http_proxy" value="DIRECT" />
    <property name="libs.eclipselink.javadoc" value="" />
    <property name="libs.NetBeans MIDP Components WMA.maven-pom" value="" />
    <property name="libs.jsp-compilation.maven-pom" value="" />
    <property name="user.properties.file" value="/Users/uko/.netbeans/7.0/build.properties" />
    <property name="libs.BerkeleyDB.javadoc" value="" />
    <property name="libs.spring-framework.src" value="" />
    <property name="libs.javac-api.maven-pom" value="" />
    <property name="file.encoding.pkg" value="sun.io" />
    <property name="sun.cpu.endian" value="little" />
    <property name="harness.taskdefs.done" value="true" />
    <property name="code.name.base" value="uko.cryptology.tools" />
    <property name="test.unit.compile.cp" value="/Applications/NetBeans/NetBeans 7.0.app/Contents/Resources/NetBeans/platform/modules/org-netbeans-libs-junit4.jar" />
    <property name="java.home.parent" value="/System/Library/Java/JavaVirtualMachines/1.6.0.jdk/Contents" />
    <property name="libs.JWSAntTasks.classpath" value="/Applications/NetBeans/NetBeans 7.0.app/Contents/Resources/NetBeans/java/ant/extra/org-netbeans-modules-javawebstart-anttasks.jar" />
    <property name="libs.spring-framework300.src" value="" />
    <property name="test.unit.runtime.cp" value="/Applications/NetBeans/NetBeans 7.0.app/Contents/Resources/NetBeans/platform/modules/org-netbeans-libs-junit4.jar" />
    <property name="libs.ant-contrib.classpath" value="/Applications/NetBeans/NetBeans 7.0.app/Contents/Resources/NetBeans/mobility/modules/ext/ant-contrib-1.0b3.jar" />
    <property name="test.qa-functional.compile.cp" value="/Applications/NetBeans/NetBeans 7.0.app/Contents/Resources/NetBeans/platform/modules/org-netbeans-libs-junit4.jar" />
    <property name="test.qa-functional.runtime.cp" value="/Applications/NetBeans/NetBeans 7.0.app/Contents/Resources/NetBeans/platform/modules/org-netbeans-libs-junit4.jar:/Applications/NetBeans/NetBeans 7.0.app/Contents/Resources/NetBeans/platform/lib/org-openide-util.jar" />
    <property name="is.jar.uptodate" value="true" />
    <property name="socksNonProxyHosts" value="local|*.local|169.254/16|*.169.254/16" />
    <property name="test.qa-functional.cp.extra" value="" />
    <property name="nbplatform.default.harness.dir" value="/Applications/NetBeans/NetBeans 7.0.app/Contents/Resources/NetBeans/harness" />
    <property name="cp.extra" value="" />
    <property name="java.home" value="/System/Library/Java/JavaVirtualMachines/1.6.0.jdk/Contents/Home" />
    <property name="libs.ojec-ant-utils.javadoc" value="" />
    <property name="libs.jsp-compilation.src" value="" />
    <property name="libs.ricoh-ant-utils.src" value="" />
    <property name="libs.spring-webmvc.src" value="" />
    <property name="libs.ant-contrib.javadoc" value="" />
    <property name="javahelp.jar.dir" value="modules/docs" />
    <property name="libs.javaee-endorsed-api-6.0.classpath" value="/Applications/NetBeans/NetBeans 7.0.app/Contents/Resources/NetBeans/enterprise/modules/ext/javaee6-endorsed/javax.annotation.jar:/Applications/NetBeans/NetBeans 7.0.app/Contents/Resources/NetBeans/enterprise/modules/ext/javaee6-endorsed/jaxb-api-osgi.jar:/Applications/NetBeans/NetBeans 7.0.app/Contents/Resources/NetBeans/enterprise/modules/ext/javaee6-endorsed/webservices-api-osgi.jar" />
    <property name="libs.javaee-api-6.0.src" value="" />
    <property name="netbeans.importclass" value="org.netbeans.upgrade.AutoUpgrade" />
    <property name="ant.project.default-target" value="netbeans" />
    <property name="ant.file.harness" value="/Applications/NetBeans/NetBeans 7.0.app/Contents/Resources/NetBeans/harness/build.xml" />
    <property name="libs.savaje-ant-utils.classpath" value="/Applications/NetBeans/NetBeans 7.0.app/Contents/Resources/NetBeans/mobility/modules/ext/org-netbeans-modules-j2me-cdc-project-savaje.jar" />
    <property name="libs.toplink.maven-pom" value="" />
    <property name="public.package.jar.dir" value="/Users/uko/Development/Beans/nb-platform/Cryptology/Tools/../build/public-package-jars" />
    <property name="libs.DataBindingME.maven-pom" value="" />
    <property name="libs.PostgreSQLDriver.javadoc" value="" />
    <property name="libs.restlib.classpath" value="/Applications/NetBeans/NetBeans 7.0.app/Contents/Resources/NetBeans/enterprise/modules/ext/rest/asm-3.1.jar:/Applications/NetBeans/NetBeans 7.0.app/Contents/Resources/NetBeans/enterprise/modules/ext/rest/jackson-core-asl-1.1.1.jar:/Applications/NetBeans/NetBeans 7.0.app/Contents/Resources/NetBeans/enterprise/modules/ext/rest/jersey-client-1.3.jar:/Applications/NetBeans/NetBeans 7.0.app/Contents/Resources/NetBeans/enterprise/modules/ext/rest/jersey-core-1.3.jar:/Applications/NetBeans/NetBeans 7.0.app/Contents/Resources/NetBeans/enterprise/modules/ext/rest/jersey-json-1.3.jar:/Applications/NetBeans/NetBeans 7.0.app/Contents/Resources/NetBeans/enterprise/modules/ext/rest/jersey-multipart-1.3.jar:/Applications/NetBeans/NetBeans 7.0.app/Contents/Resources/NetBeans/enterprise/modules/ext/rest/jersey-server-1.3.jar:/Applications/NetBeans/NetBeans 7.0.app/Contents/Resources/NetBeans/enterprise/modules/ext/rest/jersey-spring-1.3.jar:/Applications/NetBeans/NetBeans 7.0.app/Contents/Resources/NetBeans/enterprise/modules/ext/rest/jettison-1.1.jar:/Applications/NetBeans/NetBeans 7.0.app/Contents/Resources/NetBeans/enterprise/modules/ext/rest/mimepull-1.4.jar:/Applications/NetBeans/NetBeans 7.0.app/Contents/Resources/NetBeans/enterprise/modules/ext/rest/oauth-client-1.3.jar:/Applications/NetBeans/NetBeans 7.0.app/Contents/Resources/NetBeans/enterprise/modules/ext/rest/oauth-signature-1.3.jar:/Applications/NetBeans/NetBeans 7.0.app/Contents/Resources/NetBeans/ide/modules/ext/jaxb/activation.jar:/Applications/NetBeans/NetBeans 7.0.app/Contents/Resources/NetBeans/ide/modules/ext/jaxb/api/jaxb-api.jar:/Applications/NetBeans/NetBeans 7.0.app/Contents/Resources/NetBeans/ide/modules/ext/jaxb/api/jsr173_api.jar" />
    <property name="extra.test.libs.short" value="${extra.test.libs.dir}/org-netbeans-libs-junit4.jar:\&#xa;${extra.test.libs.dir}/uko-cryptology-tools.jar:\&#xa;${extra.test.libs.dir}/junit-4.8.2.jar:\&#xa;${extra.test.libs.dir}/junit-3.8.2.jar" />
    <property name="libs.JMUnit4CLDC11.javadoc" value="/Applications/NetBeans/NetBeans 7.0.app/Contents/Resources/NetBeans/mobility/modules/docs/jmunit-1.2.1-api.zip" />
    <property name="nbm.distribution" value="" />
    <property name="com.sun.mysql.stopcommand" value="/usr/local/mysql/support-files/mysql-admin.server" />
    <property name="libs.nsicom-ant-utils.maven-pom" value="" />
    <property name="libs.MySQLDriver.maven-pom" value="" />
    <property name="libs.savaje-ant-utils.src" value="" />
    <property name="http.nonProxyHosts" value="local|*.local|169.254/16|*.169.254/16" />
    <property name="libs.junit_4.javadoc" value="/Applications/NetBeans/NetBeans 7.0.app/Contents/Resources/NetBeans/java/docs/junit-4.8.2-api.zip" />
    <property name="libs.spring-webmvc.javadoc" value="" />
    <property name="libs.toplink.src" value="" />
    <property name="libs.EclipseLink-GlassFish-v3.maven-pom" value="" />
    <property name="libs.javaee-web-api-6.0.maven-pom" value="" />
    <property name="libs.cdc-pp-awt-layout.classpath" value="/Applications/NetBeans/NetBeans 7.0.app/Contents/Resources/NetBeans/mobility/modules/ext/cdc-pp-awt-layout.jar" />
    <property name="libs.cdc-agui-swing-layout.src" value="/Applications/NetBeans/NetBeans 7.0.app/Contents/Resources/NetBeans/mobility/sources/cdc-agui-swing-layout-src.zip" />
    <property name="libs.hibernate-support.src" value="" />
    <property name="libs.javaee-endorsed-api-6.0.javadoc" value="/Applications/NetBeans/NetBeans 7.0.app/Contents/Resources/NetBeans/enterprise/docs/javaee6-doc-api.zip" />
    <property name="libs.JMUnit4CLDC11.classpath" value="/Applications/NetBeans/NetBeans 7.0.app/Contents/Resources/NetBeans/mobility/modules/ext/jmunit4cldc11-1.2.1.jar" />
    <property name="sun.awt.datatransfer.timeout" value="1000" />
    <property name="module.build.started.time" value="2011-05-31T08:32:03.252+0300" />
    <property name="apple.awt.graphics.UseOpenGL" value="false" />
    <property name="libs.nb_svg_midp_components.classpath" value="/Applications/NetBeans/NetBeans 7.0.app/Contents/Resources/NetBeans/mobility/modules/ext/nb_svg_midp_components.jar" />
    <property name="libs.spring-webmvc3.0.javadoc" value="" />
    <property name="test.qa-functional.folder" value="/Users/uko/Development/Beans/nb-platform/Cryptology/Tools/../build/testdist/qa-functional/cluster/uko-cryptology-tools" />
    <property name="libs.hadoop-samples.classpath" value="/Users/uko/.netbeans/7.0/modules/ext/hadoop-karmasphere-samples.jar" />
    <property name="build.test.qa-functional.classes.dir" value="/Users/uko/Development/Beans/nb-platform/Cryptology/Tools/build/test/qa-functional/classes" />
    <property name="libs.NetBeans MIDP Components PDA.classpath" value="/Applications/NetBeans/NetBeans 7.0.app/Contents/Resources/NetBeans/mobility/modules/ext/netbeans_midp_components_pda.jar" />
    <property name="libs.semc-ant-utils.maven-pom" value="" />
    <property name="libs.restapi.src" value="" />
    <property name="libs.nokiadeployment.maven-pom" value="" />
    <property name="libs.NetBeans MIDP Components.javadoc" value="/Applications/NetBeans/NetBeans 7.0.app/Contents/Resources/NetBeans/mobility/modules/docs/netbeans_midp_components_basic-api.zip" />
    <property name="sun.management.compiler" value="HotSpot 64-Bit Server Compiler" />
    <property name="libs.hadoop-library-0.19.2.classpath" value="/Users/uko/.netbeans/7.0/modules/ext/commons-cli-2.0-SNAPSHOT.jar:/Users/uko/.netbeans/7.0/modules/ext/commons-codec-1.4.jar:/Users/uko/.netbeans/7.0/modules/ext/commons-httpclient-3.1.jar:/Users/uko/.netbeans/7.0/modules/ext/commons-logging-1.1.1.jar:/Users/uko/.netbeans/7.0/modules/ext/commons-net-1.4.1.jar:/Users/uko/.netbeans/7.0/modules/ext/oro-2.0.8.jar:/Users/uko/.netbeans/7.0/modules/ext/log4j-1.2.15.jar:/Users/uko/.netbeans/7.0/modules/ext/xmlenc-0.52.jar:/Users/uko/.netbeans/7.0/modules/ext/jets3t-0.7.1.jar:/Users/uko/.netbeans/7.0/modules/ext/hadoop-0.19.2-core.jar:/Users/uko/.netbeans/7.0/modules/ext/hadoop-0.19.2-streaming.jar:/Users/uko/.netbeans/7.0/modules/ext/hadoop-0.19-karmasphere-extras.jar" />
    <property name="sun.java2d.noddraw" value="true" />
    <property name="libs.jsp-compiler.classpath" value="/Applications/NetBeans/NetBeans 7.0.app/Contents/Resources/NetBeans/enterprise/ant/extra/jspcompile.jar" />
    <property name="tools.jar" value="/System/Library/Java/JavaVirtualMachines/1.6.0.jdk/Contents/Home/lib/tools.jar" />
    <property name="libs.spring-webmvc.classpath" value="/Applications/NetBeans/NetBeans 7.0.app/Contents/Resources/NetBeans/enterprise/modules/ext/spring/spring-webmvc-2.5.6.SEC01.jar" />
    <property name="javac.compilerargs" value="-Xlint -Xlint:-serial" />
    <property name="ant.file" value="/Users/uko/Development/Beans/nb-platform/Cryptology/Tools/build.xml" />
    <property name="libs.beans-binding.maven-pom" value="" />
    <property name="ant.file.projectized-common" value="/Applications/NetBeans/NetBeans 7.0.app/Contents/Resources/NetBeans/harness/common.xml" />
    <property name="libs.jsf12.classpath" value="/Applications/NetBeans/NetBeans 7.0.app/Contents/Resources/NetBeans/enterprise/modules/ext/jsf-1_2/commons-beanutils.jar:/Applications/NetBeans/NetBeans 7.0.app/Contents/Resources/NetBeans/enterprise/modules/ext/jsf-1_2/commons-collections.jar:/Applications/NetBeans/NetBeans 7.0.app/Contents/Resources/NetBeans/enterprise/modules/ext/jsf-1_2/commons-digester.jar:/Applications/NetBeans/NetBeans 7.0.app/Contents/Resources/NetBeans/enterprise/modules/ext/jsf-1_2/commons-logging.jar:/Applications/NetBeans/NetBeans 7.0.app/Contents/Resources/NetBeans/enterprise/modules/ext/jsf-1_2/jsf-api.jar:/Applications/NetBeans/NetBeans 7.0.app/Contents/Resources/NetBeans/enterprise/modules/ext/jsf-1_2/jsf-impl.jar" />
    <property name="nbjdk.home" value="/System/Library/Java/JavaVirtualMachines/1.6.0.jdk/Contents/Home" />
    <property name="libs.hadoop-client.javadoc" value="/Users/uko/.netbeans/7.0/modules/ext/karmasphere-client-javadoc.jar" />
    <property name="test.unit.data.dir" value="/Users/uko/Development/Beans/nb-platform/Cryptology/Tools/test/unit/data" />
    <property name="sun.awt.exception.handler" value="org.netbeans.core.startup.TopLogging$AWTHandler" />
    <property name="libs.restapi.maven-pom" value="" />
    <property name="libs.beans-binding.src" value="" />
    <property name="libs.hadoop-library-0.18.3.javadoc" value="/Users/uko/.netbeans/7.0/modules/ext/hadoop-0.18.3-javadoc.jar" />
    <property name="nbm.homepage" value="" />
    <property name="javahelp.jar.basename" value="uko-cryptology-tools.jar" />
    <property name="libs.NetBeans MIDP Components PDA.javadoc" value="/Applications/NetBeans/NetBeans 7.0.app/Contents/Resources/NetBeans/mobility/modules/docs/netbeans_midp_components_pda-api.zip" />
    <property name="libs.DataBindingME-PIM.javadoc" value="/Applications/NetBeans/NetBeans 7.0.app/Contents/Resources/NetBeans/mobility/modules/docs/netbeans_databindingme_pim-api.zip" />
    <property name="java.vm.specification.vendor" value="Sun Microsystems Inc." />
    <property name="libs.Java-EE-GlassFish-v3.embedabbleejb" value="" />
    <property name="libs.swing-layout.src" value="/Applications/NetBeans/NetBeans 7.0.app/Contents/Resources/NetBeans/platform/docs/swing-layout-1.0.4-src.zip" />
    <property name="nbm.release.date" value="" />
    <property name="test.timeout" value="600000" />
    <property name="org.openide.major.version" value="IDE/1" />
    <property name="libs.j2me_ant_ext.src" value="" />
    <property name="java.vm.name" value="Java HotSpot(TM) 64-Bit Server VM" />
    <property name="build.javahelp.dir" value="/Users/uko/Development/Beans/nb-platform/Cryptology/Tools/build/javahelp" />
    <property name="build.test.unit.dir" value="/Users/uko/Development/Beans/nb-platform/Cryptology/Tools/build/test/unit" />
    <property name="build.test.qa-functional.results.dir" value="/Users/uko/Development/Beans/nb-platform/Cryptology/Tools/build/test/qa-functional/results" />
    <property name="netbeans.user" value="/Users/uko/.netbeans/7.0" />
    <property name="libs.ricoh-ant-utils.classpath" value="/Applications/NetBeans/NetBeans 7.0.app/Contents/Resources/NetBeans/mobility/modules/ext/org-netbeans-modules-j2me-cdc-project-ricoh.jar:/Applications/NetBeans/NetBeans 7.0.app/Contents/Resources/NetBeans/mobility/modules/ext/RicohAntTasks-2.0.jar:/Applications/NetBeans/NetBeans 7.0.app/Contents/Resources/NetBeans/mobility/modules/ext/commons-httpclient-3.0.jar:/Applications/NetBeans/NetBeans 7.0.app/Contents/Resources/NetBeans/ide/modules/ext/commons-logging-1.1.jar:/Applications/NetBeans/NetBeans 7.0.app/Contents/Resources/NetBeans/mobility/modules/ext/commons-codec-1.3.jar" />
    <property name="ant.file.type.jdk" value="file" />
    <property name="java.vendor.url" value="http://www.apple.com/" />
    <property name="java.io.tmpdir" value="/var/folders/jx/jxddcPl6FDCN8fAPgTjsZ++++TI/-Tmp-/" />
    <property name="libs.jsp-compiler.src" value="" />
    <property name="org.openide.awt.ActionReference.completion" value="org.netbeans.modules.apisupport.project.layers.PathCompletions" />
    <property name="mrj.build" value="10M3326" />
    <property name="sun.boot.library.path" value="/System/Library/Java/JavaVirtualMachines/1.6.0.jdk/Contents/Libraries" />
    <property name="libs.hadoop-client.src" value="" />
    <property name="libs.jsf20.classpath" value="/Applications/NetBeans/NetBeans 7.0.app/Contents/Resources/NetBeans/enterprise/modules/ext/jsf-2_0/jsf-api.jar:/Applications/NetBeans/NetBeans 7.0.app/Contents/Resources/NetBeans/enterprise/modules/ext/jsf-2_0/jsf-impl.jar" />
    <property name="libs.DataBindingME-SVG.src" value="/Applications/NetBeans/NetBeans 7.0.app/Contents/Resources/NetBeans/mobility/sources/netbeans_databindingme_svg-src.zip" />
    <property name="manifest.mf" value="/Users/uko/Development/Beans/nb-platform/Cryptology/Tools/manifest.mf" />
    <property name="java.runtime.name" value="Java(TM) SE Runtime Environment" />
    <property name="test.config.default.excludes" value="" />
    <property name="ant.project.name" value="uko.cryptology.tools" />
    <property name="javahelp.base" value="uko/cryptology/tools/docs" />
    <property name="javahelp.jar" value="modules/docs/uko-cryptology-tools.jar" />
    <property name="netbeans.hash.code" value="unique=NB_JAVA_WEBEE_MOB_CND_GROOVY_PHP0ac17c7d3-7eb0-4b79-9ecc-15a08de92acd_41c8be64-19e8-45b6-ab7d-6aa34239340c" />
    <property name="libs.BerkeleyDB.maven-pom" value="" />
    <property name="libs.jsp-compilation-syscp.maven-pom" value="" />
    <property name="libs.j2me_ant_ext.maven-pom" value="" />
    <property name="sun.cpu.isalist" value="" />
    <property name="libs.CopyLibs.javadoc" value="" />
    <property name="libs.hadoop-client.maven-pom" value="" />
    <property name="test.qa-functional.dir" value="/Users/uko/Development/Beans/nb-platform/Cryptology/Tools/test/qa-functional" />
    <property name="org.openide.specification.version" value="6.2" />
    <property name="libs.ActiveSync.javadoc" value="" />
    <property name="netbeans.javadoc.dir" value="/Users/uko/Development/Beans/nb-platform/Cryptology/Tools/build/javadoc" />
    <property name="ant.file.type.projectized-common" value="file" />
    <property name="libs.hibernate-support.classpath" value="/Applications/NetBeans/NetBeans 7.0.app/Contents/Resources/NetBeans/java/modules/ext/hibernate/antlr-2.7.6.jar:/Applications/NetBeans/NetBeans 7.0.app/Contents/Resources/NetBeans/java/modules/ext/hibernate/asm.jar:/Applications/NetBeans/NetBeans 7.0.app/Contents/Resources/NetBeans/java/modules/ext/hibernate/asm-attrs.jar:/Applications/NetBeans/NetBeans 7.0.app/Contents/Resources/NetBeans/java/modules/ext/hibernate/cglib-2.1.3.jar:/Applications/NetBeans/NetBeans 7.0.app/Contents/Resources/NetBeans/java/modules/ext/hibernate/commons-collections-2.1.1.jar:/Applications/NetBeans/NetBeans 7.0.app/Contents/Resources/NetBeans/ide/modules/ext/commons-logging-1.1.jar:/Applications/NetBeans/NetBeans 7.0.app/Contents/Resources/NetBeans/java/modules/ext/hibernate/dom4j-1.6.1.jar:/Applications/NetBeans/NetBeans 7.0.app/Contents/Resources/NetBeans/java/modules/ext/hibernate/ehcache-1.2.3.jar:/Applications/NetBeans/NetBeans 7.0.app/Contents/Resources/NetBeans/java/modules/ext/hibernate/jdbc2_0-stdext.jar:/Applications/NetBeans/NetBeans 7.0.app/Contents/Resources/NetBeans/java/modules/ext/hibernate/jta.jar:/Applications/NetBeans/NetBeans 7.0.app/Contents/Resources/NetBeans/java/modules/ext/hibernate/hibernate3.jar:/Applications/NetBeans/NetBeans 7.0.app/Contents/Resources/NetBeans/java/modules/ext/hibernate/hibernate-tools.jar:/Applications/NetBeans/NetBeans 7.0.app/Contents/Resources/NetBeans/java/modules/ext/hibernate/hibernate-annotations.jar:/Applications/NetBeans/NetBeans 7.0.app/Contents/Resources/NetBeans/java/modules/ext/hibernate/hibernate-commons-annotations.jar:/Applications/NetBeans/NetBeans 7.0.app/Contents/Resources/NetBeans/java/modules/ext/hibernate/hibernate-entitymanager.jar:/Applications/NetBeans/NetBeans 7.0.app/Contents/Resources/NetBeans/java/modules/ext/hibernate/javassist.jar" />
    <property name="libs.DataBindingME-PIM.classpath" value="/Applications/NetBeans/NetBeans 7.0.app/Contents/Resources/NetBeans/mobility/modules/ext/netbeans_databindingme_pim.jar" />
    <property name="user.home" value="/Users/uko" />
    <property name="libs.primefaces.maven-pom" value="" />
    <property name="libs.NetBeans MIDP Components.classpath" value="/Applications/NetBeans/NetBeans 7.0.app/Contents/Resources/NetBeans/mobility/modules/ext/netbeans_midp_components_basic.jar" />
    <property name="libs.javaee-api-6.0.maven-pom" value="" />
    <property name="suite.build.dir" value="/Users/uko/Development/Beans/nb-platform/Cryptology/Tools/../build" />
    <property name="libs.JWSAntTasks.src" value="" />
    <property name="libs.CopyLibs.maven-pom" value="" />
    <property name="libs.absolutelayout.javadoc" value="" />
    <property name="libs.hibernate-persistence.maven-pom" value="" />
    <property name="libs.spring-framework300.javadoc" value="" />
    <property name="java.specification.name" value="Java Platform API Specification" />
    <property name="libs.swing-app-framework.maven-pom" value="" />
    <property name="test.unit.cp.extra" value="" />
    <property name="libs.NetBeans MIDP Components WMA.classpath" value="/Applications/NetBeans/NetBeans 7.0.app/Contents/Resources/NetBeans/mobility/modules/ext/netbeans_midp_components_wma.jar" />
    <property name="libs.jakarta_slide_ant_webdav.maven-pom" value="" />
    <property name="libs.sjmc-ant-utils.src" value="" />
    <property name="java.specification.vendor" value="Sun Microsystems Inc." />
    <property name="libs.cdc-agui-swing-layout.javadoc" value="" />
    <property name="ant.file.uko.cryptology.tools" value="/Users/uko/Development/Beans/nb-platform/Cryptology/Tools/build.xml" />
    <property name="libs.javac-api.classpath" value="/Applications/NetBeans/NetBeans 7.0.app/Contents/Resources/NetBeans/java/modules/ext/javac-api-nb-7.0-b07.jar" />
    <property name="libs.nokiaS80-ant-utils.classpath" value="/Applications/NetBeans/NetBeans 7.0.app/Contents/Resources/NetBeans/mobility/modules/ext/org-netbeans-modules-j2me-cdc-project-nokiaS80.jar" />
    <property name="java.version" value="1.6.0_24" />
    <property name="libs.NetBeans MIDP Components WMA.javadoc" value="/Applications/NetBeans/NetBeans 7.0.app/Contents/Resources/NetBeans/mobility/modules/docs/netbeans_midp_components_wma-api.zip" />
    <property name="libs.MySQLDriver.javadoc" value="" />
    <property name="test-unit-sys-prop.cluster.path.final" value="/Applications/NetBeans/NetBeans 7.0.app/Contents/Resources/NetBeans/platform:/Users/uko/Development/Beans/nb-platform/Cryptology/Tools/../build/cluster" />
    <property name="org.openide.version" value="deprecated" />
    <property name="libs.restlib_gfv3ee6.maven-pom" value="" />
    <property name="libs.ActiveSync.maven-pom" value="" />
    <property name="libs.eclipselinkmodelgen.maven-pom" value="" />
    <property name="ant.file.no-testcoverage" value="/Applications/NetBeans/NetBeans 7.0.app/Contents/Resources/NetBeans/harness/no-testcoverage.xml" />
    <property name="libs.jsp-compilation-syscp.javadoc" value="" />
    <property name="awt.nativeDoubleBuffering" value="true" />
    <property name="is.regular" value="true" />
    <property name="libs.junit.maven-pom" value="" />
    <property name="libs.eclipselinkmodelgen.javadoc" value="" />
    <property name="libs.hadoop-library-0.20.0.javadoc" value="/Users/uko/.netbeans/7.0/modules/ext/hadoop-0.20.2-javadoc.jar" />
    <property name="libs.metro.javadoc" value="/Applications/NetBeans/NetBeans 7.0.app/Contents/Resources/NetBeans/enterprise/docs/metro-1.4-doc.zip" />
    <property name="libs.struts.maven-pom" value="" />
    <property name="apple.awt.UIElement" value="true" />
    <property name="libs.log4j-library.classpath" value="/Users/uko/.netbeans/7.0/modules/ext/log4j-1.2.15.jar" />
    <property name="libs.jaxb.src" value="" />
    <property name="libs.Java-EE-GlassFish-v3.wsgenerate" value="" />
    <property name="libs.cdc-ant-utils.src" value="" />
    <property name="libs.jaxb.classpath" value="/Applications/NetBeans/NetBeans 7.0.app/Contents/Resources/NetBeans/ide/modules/ext/jaxb/jaxb-impl.jar:/Applications/NetBeans/NetBeans 7.0.app/Contents/Resources/NetBeans/ide/modules/ext/jaxb/jaxb-xjc.jar:/Applications/NetBeans/NetBeans 7.0.app/Contents/Resources/NetBeans/ide/modules/ext/jaxb/jaxb1-impl.jar:/Applications/NetBeans/NetBeans 7.0.app/Contents/Resources/NetBeans/ide/modules/ext/jaxb/activation.jar:/Applications/NetBeans/NetBeans 7.0.app/Contents/Resources/NetBeans/ide/modules/ext/jaxb/api/jaxb-api.jar:/Applications/NetBeans/NetBeans 7.0.app/Contents/Resources/NetBeans/ide/modules/ext/jaxb/api/jsr173_api.jar" />
    <property name="com.sun.mysql.startargs" value="start" />
    <property name="testcoverage.import" value="no-testcoverage.xml" />
    <property name="libs.spring-webmvc3.0.classpath" value="/Applications/NetBeans/NetBeans 7.0.app/Contents/Resources/NetBeans/java/modules/ext/spring-3.0/spring-webmvc-3.0.2.RELEASE.jar" />
    <property name="libs.swing-layout.classpath" value="/Applications/NetBeans/NetBeans 7.0.app/Contents/Resources/NetBeans/platform/modules/ext/swing-layout-1.0.4.jar" />
    <property name="test.config" value="default" />
    <property name="libs.restlib.src" value="" />
    <property name="javac.source" value="1.6" />
    <property name="libs.hibernate-persistence.src" value="" />
    <property name="line.separator" value="&#xa;" />
    <property name="java.specification.version" value="1.6" />
    <property name="libs.nb_svg_midp_components.javadoc" value="/Applications/NetBeans/NetBeans 7.0.app/Contents/Resources/NetBeans/mobility/modules/docs/nb_svg_midp_components-api.zip" />
    <property name="libs.jaxws21.maven-pom" value="" />
    <property name="java.vm.info" value="mixed mode" />
    <property name="libs.cdc-ant-utils.javadoc" value="" />
    <property name="libs.hadoop-samples.javadoc" value="/Users/uko/.netbeans/7.0/modules/ext/hadoop-karmasphere-samples-javadoc.jar" />
    <property name="test.filter.trace" value="true" />
    <property name="libs.ojec-ant-utils.classpath" value="/Applications/NetBeans/NetBeans 7.0.app/Contents/Resources/NetBeans/mobility/modules/ext/org-netbeans-modules-j2me-cdc-project-ojec.jar" />
    <property name="libs.spring-framework.maven-pom" value="" />
    <property name="sun.boot.class.path" value="/System/Library/Java/JavaVirtualMachines/1.6.0.jdk/Contents/Classes/jsfd.jar:/System/Library/Java/JavaVirtualMachines/1.6.0.jdk/Contents/Classes/classes.jar:/System/Library/Frameworks/JavaVM.framework/Frameworks/JavaRuntimeSupport.framework/Resources/Java/JavaRuntimeSupport.jar:/System/Library/Java/JavaVirtualMachines/1.6.0.jdk/Contents/Classes/ui.jar:/System/Library/Java/JavaVirtualMachines/1.6.0.jdk/Contents/Classes/laf.jar:/System/Library/Java/JavaVirtualMachines/1.6.0.jdk/Contents/Classes/sunrsasign.jar:/System/Library/Java/JavaVirtualMachines/1.6.0.jdk/Contents/Classes/jsse.jar:/System/Library/Java/JavaVirtualMachines/1.6.0.jdk/Contents/Classes/jce.jar:/System/Library/Java/JavaVirtualMachines/1.6.0.jdk/Contents/Classes/charsets.jar" />
    <property name="libs.hadoop-library-0.20.classpath" value="/Users/uko/.netbeans/7.0/modules/ext/commons-cli-2.0-SNAPSHOT.jar:/Users/uko/.netbeans/7.0/modules/ext/commons-codec-1.4.jar:/Users/uko/.netbeans/7.0/modules/ext/commons-httpclient-3.1.jar:/Users/uko/.netbeans/7.0/modules/ext/commons-logging-1.1.1.jar:/Users/uko/.netbeans/7.0/modules/ext/commons-net-1.4.1.jar:/Users/uko/.netbeans/7.0/modules/ext/oro-2.0.8.jar:/Users/uko/.netbeans/7.0/modules/ext/log4j-1.2.15.jar:/Users/uko/.netbeans/7.0/modules/ext/xmlenc-0.52.jar:/Users/uko/.netbeans/7.0/modules/ext/jets3t-0.7.1.jar:/Users/uko/.netbeans/7.0/modules/ext/hadoop-0.20.2-core.jar:/Users/uko/.netbeans/7.0/modules/ext/hadoop-0.20.2-streaming.jar:/Users/uko/.netbeans/7.0/modules/ext/hadoop-0.20-karmasphere-extras.jar" />
    <property name="javac.target" value="1.6" />
    <property name="module.jar.basename" value="uko-cryptology-tools.jar" />
    <property name="src.dir" value="/Users/uko/Development/Beans/nb-platform/Cryptology/Tools/src" />
    <property name="com.sun.mysql.startcommand" value="/usr/local/mysql/support-files/mysql-admin.server" />
    <property name="build.compiler.optimize" value="off" />
    <property name="libs.jsf20.src" value="" />
    <property name="libs.DataBindingME-SVG.maven-pom" value="" />
    <property name="libs.jsf12.src" value="" />
    <property name="libs.nokiadeployment.src" value="" />
    <property name="libs.savaje-ant-utils.javadoc" value="" />
    <property name="libs.JAVADB_DRIVER_LABEL.maven-pom" value="" />
    <property name="test.qa-functional.src.dir" value="/Users/uko/Development/Beans/nb-platform/Cryptology/Tools/test/qa-functional/src" />
    <property name="nbplatform.default.netbeans.dest.dir" value="/Applications/NetBeans/NetBeans 7.0.app/Contents/Resources/NetBeans" />
    <property name="nbplatform.active.dir" value="/Applications/NetBeans/NetBeans 7.0.app/Contents/Resources/NetBeans" />
    <property name="libs.struts.javadoc" value="/Applications/NetBeans/NetBeans 7.0.app/Contents/Resources/NetBeans/enterprise/docs/struts-1.3.8-javadoc.zip" />
    <property name="libs.cdc-ant-utils.maven-pom" value="" />
    <property name="libs.Comet-GlassFish-v3.classpath" value="/Applications/NetBeans/sges-v3/glassfish/modules/grizzly-comet.jar" />
    <property name="libs.restlib_gfv3ee6.javadoc" value="/Applications/NetBeans/NetBeans 7.0.app/Contents/Resources/NetBeans/enterprise/docs/jsr311-api-1.1.1-javadoc.zip:/Applications/NetBeans/NetBeans 7.0.app/Contents/Resources/NetBeans/enterprise/docs/jersey-client-1.3-javadoc.zip:/Applications/NetBeans/NetBeans 7.0.app/Contents/Resources/NetBeans/enterprise/docs/jersey-json-1.3-javadoc.zip:/Applications/NetBeans/NetBeans 7.0.app/Contents/Resources/NetBeans/enterprise/docs/jersey-multipart-1.3-javadoc.zip" />
    <property name="libs.primefaces.src" value="" />
    <property name="libs.cdc-agui-swing-layout.classpath" value="/Applications/NetBeans/NetBeans 7.0.app/Contents/Resources/NetBeans/mobility/modules/ext/cdc-agui-swing-layout.jar" />
    <property name="code.name.base.slashes" value="uko/cryptology/tools" />
    <property name="libs.hadoop-library-0.19.2.javadoc" value="/Users/uko/.netbeans/7.0/modules/ext/hadoop-0.19.2-javadoc.jar" />
    <property name="libs.groovy-all.javadoc" value="" />
    <property name="ant.file.type.no-testcoverage" value="file" />
    <property name="libs.groovy-all.classpath" value="/Applications/NetBeans/NetBeans 7.0.app/Contents/Resources/NetBeans/groovy/modules/ext/groovy-all.jar" />
    <property name="libs.sjmc-ant-utils.classpath" value="/Applications/NetBeans/NetBeans 7.0.app/Contents/Resources/NetBeans/mobility/modules/ext/org-netbeans-modules-j2me-cdc-project-sjmc.jar" />
    <property name="libs.JMUnit4CLDC10.classpath" value="/Applications/NetBeans/NetBeans 7.0.app/Contents/Resources/NetBeans/mobility/modules/ext/jmunit4cldc10-1.2.1.jar" />
    <property name="java.awt.printerjob" value="apple.awt.CPrinterJob" />
    <property name="TODAY" value="May 31 2011" />
    <property name="default.javac.source" value="1.6" />
    <property name="release.files.extra" value="" />
    <property name="com.sun.mysql.stopargs" value="stop" />
    <property name="sun.jnu.encoding" value="MacRoman" />
    <property name="libs.MySQLDriver.src" value="" />
    <property name="suite.dir" value="/Users/uko/Development/Beans/nb-platform/Cryptology/Tools/.." />
    <property name="libs.ant-contrib.maven-pom" value="" />
    <property name="build.test.qa-functional.work.dir" value="/Users/uko/Development/Beans/nb-platform/Cryptology/Tools/build/test/qa-functional/work" />
    <property name="libs.nokiadeployment.javadoc" value="" />
    <property name="java.runtime.version" value="1.6.0_24-b07-334-10M3326" />
    <property name="libs.ejb3-persistence.javadoc" value="" />
    <property name="libs.NetBeans MIDP Components.src" value="/Applications/NetBeans/NetBeans 7.0.app/Contents/Resources/NetBeans/mobility/sources/netbeans_midp_components_basic-src.zip" />
    <property name="jna.platform.library.path" value="/usr/lib:/usr/lib" />
    <property name="libs.sjmc-ant-utils.javadoc" value="" />
    <property name="libs.BerkeleyDB.src" value="" />
    <property name="default.javac.target" value="1.6" />
    <property name="cluster" value="/Users/uko/Development/Beans/nb-platform/Cryptology/Tools/../build/cluster" />
    <property name="libs.junit_4.classpath" value="/Applications/NetBeans/NetBeans 7.0.app/Contents/Resources/NetBeans/platform/modules/ext/junit-4.8.2.jar" />
    <property name="libs.Java-EE-GlassFish-v3.src" value="" />
    <property name="user.timezone" value="" />
    <property name="test.unit.out.folder" value="/Users/uko/Development/Beans/nb-platform/Cryptology/build/testdist/unit/cluster/uko-cryptology-tools" />
    <property name="test.dist.dir" value="/Users/uko/Development/Beans/nb-platform/Cryptology/Tools/../build/testdist" />
    <property name="release.files" value="" />
    <property name="libs.ant-contrib.src" value="" />
    <property name="libs.javaee-endorsed-api-6.0.maven-pom" value="" />
    <property name="test.qa-functional.out.folder" value="/Users/uko/Development/Beans/nb-platform/Cryptology/build/testdist/qa-functional/cluster/uko-cryptology-tools" />
    <property name="libs.JAVADB_DRIVER_LABEL.javadoc" value="" />
    <property name="netbeans.dirs" value="/Applications/NetBeans/NetBeans 7.0.app/Contents/Resources/NetBeans/nb:/Applications/NetBeans/NetBeans 7.0.app/Contents/Resources/NetBeans/ergonomics:/Applications/NetBeans/NetBeans 7.0.app/Contents/Resources/NetBeans/ide:/Applications/NetBeans/NetBeans 7.0.app/Contents/Resources/NetBeans/java:/Applications/NetBeans/NetBeans 7.0.app/Contents/MacOS/../Resources/NetBeans/bin/../xml:/Applications/NetBeans/NetBeans 7.0.app/Contents/Resources/NetBeans/apisupport:/Applications/NetBeans/NetBeans 7.0.app/Contents/MacOS/../Resources/NetBeans/bin/../webcommon:/Applications/NetBeans/NetBeans 7.0.app/Contents/Resources/NetBeans/websvccommon:/Applications/NetBeans/NetBeans 7.0.app/Contents/Resources/NetBeans/enterprise:/Applications/NetBeans/NetBeans 7.0.app/Contents/Resources/NetBeans/mobility:/Applications/NetBeans/NetBeans 7.0.app/Contents/Resources/NetBeans/profiler:/Applications/NetBeans/NetBeans 7.0.app/Contents/Resources/NetBeans/ruby:/Applications/NetBeans/NetBeans 7.0.app/Contents/MacOS/../Resources/NetBeans/bin/../python:/Applications/NetBeans/NetBeans 7.0.app/Contents/Resources/NetBeans/php:/Applications/NetBeans/NetBeans 7.0.app/Contents/MacOS/../Resources/NetBeans/bin/../visualweb:/Applications/NetBeans/NetBeans 7.0.app/Contents/MacOS/../Resources/NetBeans/bin/../soa:/Applications/NetBeans/NetBeans 7.0.app/Contents/MacOS/../Resources/NetBeans/bin/../identity:/Applications/NetBeans/NetBeans 7.0.app/Contents/MacOS/../Resources/NetBeans/bin/../uml:/Applications/NetBeans/NetBeans 7.0.app/Contents/Resources/NetBeans/harness:/Applications/NetBeans/NetBeans 7.0.app/Contents/Resources/NetBeans/cnd:/Applications/NetBeans/NetBeans 7.0.app/Contents/Resources/NetBeans/dlight:/Applications/NetBeans/NetBeans 7.0.app/Contents/Resources/NetBeans/groovy:/Applications/NetBeans/NetBeans 7.0.app/Contents/MacOS/../Resources/NetBeans/bin/../extra:/Applications/NetBeans/NetBeans 7.0.app/Contents/MacOS/../Resources/NetBeans/bin/../javafx:/Applications/NetBeans/NetBeans 7.0.app/Contents/MacOS/../Resources/NetBeans/bin/../javacard:" />
    <property name="jar-excludes" value="**/*.java,**/*.form,**/package.html,**/doc-files/" />
    <property name="libs.jsf20.javadoc" value="/Applications/NetBeans/NetBeans 7.0.app/Contents/Resources/NetBeans/enterprise/docs/javaee6-doc-api.zip" />
    <property name="libs.restlib_gfv3ee6.src" value="" />
    <property name="java.ext.dirs" value="/Library/Java/Extensions:/System/Library/Java/Extensions:/System/Library/Java/JavaVirtualMachines/1.6.0.jdk/Contents/Home/lib/ext" />
    <property name="libs.metro.src" value="" />
    <property name="libs.semc-ant-utils.src" value="" />
    <property name="libs.savaje-ant-utils.maven-pom" value="" />
    <property name="libs.absolutelayout.classpath" value="/Applications/NetBeans/NetBeans 7.0.app/Contents/Resources/NetBeans/java/modules/ext/AbsoluteLayout.jar" />
    <property name="cluster.path" value="${nbplatform.active.dir}/platform" />
    <property name="libs.metro.classpath" value="/Applications/NetBeans/NetBeans 7.0.app/Contents/Resources/NetBeans/ide/modules/ext/jaxb/activation.jar:/Applications/NetBeans/NetBeans 7.0.app/Contents/Resources/NetBeans/enterprise/modules/ext/metro/webservices-api.jar:/Applications/NetBeans/NetBeans 7.0.app/Contents/Resources/NetBeans/enterprise/modules/ext/metro/webservices-extra-api.jar:/Applications/NetBeans/NetBeans 7.0.app/Contents/Resources/NetBeans/enterprise/modules/ext/metro/webservices-extra.jar:/Applications/NetBeans/NetBeans 7.0.app/Contents/Resources/NetBeans/enterprise/modules/ext/metro/webservices-rt.jar:/Applications/NetBeans/NetBeans 7.0.app/Contents/Resources/NetBeans/enterprise/modules/ext/metro/webservices-tools.jar" />
    <property name="libs.restlib.maven-pom" value="" />
    <property name="libs.hadoop-library-0.20.0.classpath" value="/Users/uko/.netbeans/7.0/modules/ext/commons-cli-2.0-SNAPSHOT.jar:/Users/uko/.netbeans/7.0/modules/ext/commons-codec-1.4.jar:/Users/uko/.netbeans/7.0/modules/ext/commons-httpclient-3.1.jar:/Users/uko/.netbeans/7.0/modules/ext/commons-logging-1.1.1.jar:/Users/uko/.netbeans/7.0/modules/ext/commons-net-1.4.1.jar:/Users/uko/.netbeans/7.0/modules/ext/oro-2.0.8.jar:/Users/uko/.netbeans/7.0/modules/ext/log4j-1.2.15.jar:/Users/uko/.netbeans/7.0/modules/ext/xmlenc-0.52.jar:/Users/uko/.netbeans/7.0/modules/ext/jets3t-0.7.1.jar:/Users/uko/.netbeans/7.0/modules/ext/hadoop-0.20.2-core.jar:/Users/uko/.netbeans/7.0/modules/ext/hadoop-0.20.2-streaming.jar:/Users/uko/.netbeans/7.0/modules/ext/hadoop-0.20-karmasphere-extras.jar" />
    <property name="libs.DataBindingME.javadoc" value="/Applications/NetBeans/NetBeans 7.0.app/Contents/Resources/NetBeans/mobility/modules/docs/netbeans_databindingme-api.zip" />
    <property name="apple.laf.useScreenMenuBar" value="true" />
    <property name="java.class.path" value="/Users/uko/Development/Beans/nb-platform/Cryptology/Tools/build/test/unit/classes:/Applications/NetBeans/NetBeans 7.0.app/Contents/Resources/NetBeans/platform/modules/org-netbeans-libs-junit4.jar:/Users/uko/Development/Beans/nb-platform/Cryptology/build/cluster/modules/uko-cryptology-tools.jar:/Applications/NetBeans/NetBeans 7.0.app/Contents/Resources/NetBeans/platform/modules/ext/junit-4.8.2.jar:/Applications/NetBeans/NetBeans 7.0.app/Contents/Resources/NetBeans/java/modules/ext/junit-3.8.2.jar:/Applications/NetBeans/NetBeans 7.0.app/Contents/Resources/NetBeans/java/ant/lib/ant-launcher.jar:/Applications/NetBeans/NetBeans 7.0.app/Contents/Resources/NetBeans/java/ant/lib/ant.jar:/Applications/NetBeans/NetBeans 7.0.app/Contents/Resources/NetBeans/java/ant/lib/ant-junit.jar:/Applications/NetBeans/NetBeans 7.0.app/Contents/Resources/NetBeans/java/ant/lib/ant-junit4.jar" />
    <property name="libs.hadoop-library-0.20.0.src" value="/Users/uko/.netbeans/7.0/modules/ext/hadoop-0.20.2-sources.jar" />
    <property name="libs.hadoop-library-0.20.src" value="/Users/uko/.netbeans/7.0/modules/ext/hadoop-0.20.2-sources.jar" />
    <property name="exists.test.unit.src.dir" value="true" />
    <property name="have-jdk-1.6" value="true" />
    <property name="libs.absolutelayout.src" value="" />
    <property name="have-jdk-1.5" value="true" />
    <property name="have-jdk-1.4" value="true" />
    <property name="harness.dir" value="/Applications/NetBeans/NetBeans 7.0.app/Contents/Resources/NetBeans/harness" />
    <property name="libs.cdc-pp-awt-layout.maven-pom" value="" />
    <property name="os.version" value="10.6.7" />
    <property name="libs.hadoop-library.classpath" value="/Users/uko/.netbeans/7.0/modules/ext/commons-cli-2.0-SNAPSHOT.jar:/Users/uko/.netbeans/7.0/modules/ext/commons-codec-1.4.jar:/Users/uko/.netbeans/7.0/modules/ext/commons-httpclient-3.1.jar:/Users/uko/.netbeans/7.0/modules/ext/commons-logging-1.1.1.jar:/Users/uko/.netbeans/7.0/modules/ext/commons-net-1.4.1.jar:/Users/uko/.netbeans/7.0/modules/ext/oro-2.0.8.jar:/Users/uko/.netbeans/7.0/modules/ext/log4j-1.2.15.jar:/Users/uko/.netbeans/7.0/modules/ext/xmlenc-0.52.jar:/Users/uko/.netbeans/7.0/modules/ext/jets3t-0.7.1.jar:/Users/uko/.netbeans/7.0/modules/ext/hadoop-0.18.3-core.jar:/Users/uko/.netbeans/7.0/modules/ext/hadoop-0.18.3-streaming.jar:/Users/uko/.netbeans/7.0/modules/ext/hadoop-0.18-karmasphere-extras.jar" />
    <property name="libs.EclipseLink-GlassFish-v3.javadoc" value="/Applications/NetBeans/NetBeans 7.0.app/Contents/Resources/NetBeans/enterprise/docs/javaee6-doc-api.zip" />
    <property name="libs.JMUnit4CLDC11.maven-pom" value="" />
    <property name="libs.toplink.javadoc" value="" />
    <property name="test.config.default.includes" value="**/*Test.class" />
    <property name="libs.nb_svg_midp_components.maven-pom" value="" />
    <property name="libs.ricoh-ant-utils.javadoc" value="" />
    <property name="libs.hadoop-samples.maven-pom" value="" />
    <property name="libs.Comet-GlassFish-v3.src" value="" />
    <property name="libs.restlib.javadoc" value="/Applications/NetBeans/NetBeans 7.0.app/Contents/Resources/NetBeans/enterprise/docs/jersey-client-1.3-javadoc.zip:/Applications/NetBeans/NetBeans 7.0.app/Contents/Resources/NetBeans/enterprise/docs/jersey-core-1.1.5.1-javadoc.zip:/Applications/NetBeans/NetBeans 7.0.app/Contents/Resources/NetBeans/enterprise/docs/jersey-json-1.3-javadoc.zip:/Applications/NetBeans/NetBeans 7.0.app/Contents/Resources/NetBeans/enterprise/docs/jersey-multipart-1.3-javadoc.zip:/Applications/NetBeans/NetBeans 7.0.app/Contents/Resources/NetBeans/enterprise/docs/jersey-spring-1.3-javadoc.zip:/Applications/NetBeans/NetBeans 7.0.app/Contents/Resources/NetBeans/enterprise/docs/oauth-client-1.3-javadoc.zip:/Applications/NetBeans/NetBeans 7.0.app/Contents/Resources/NetBeans/enterprise/docs/oauth-signature-1.3-javadoc.zip" />
    <property name="libs.NetBeans MIDP Components PDA.maven-pom" value="" />
    <property name="libs.eclipselink.classpath" value="/Applications/NetBeans/NetBeans 7.0.app/Contents/Resources/NetBeans/java/modules/ext/eclipselink/eclipselink-2.2.0.jar:/Applications/NetBeans/NetBeans 7.0.app/Contents/Resources/NetBeans/java/modules/ext/eclipselink/eclipselink-javax.persistence-2.0.jar" />
    <property name="java.awt.graphicsenv" value="apple.awt.CGraphicsEnvironment" />
    <property name="libs.beans-binding.javadoc" value="/Applications/NetBeans/NetBeans 7.0.app/Contents/Resources/NetBeans/java/docs/beansbinding-1.2.1-doc.zip" />
    <property name="build.compiler.deprecation" value="true" />
    <property name="libs.Java-EE-GlassFish-v3.classpath" value="/Applications/NetBeans/glassfish3/glassfish/modules/javax.persistence.jar:/Applications/NetBeans/glassfish3/glassfish/modules/javax.security.jacc.jar:/Applications/NetBeans/glassfish3/glassfish/modules/jaxrpc-api-osgi.jar:/Applications/NetBeans/glassfish3/glassfish/modules/weld-osgi-bundle.jar:/Applications/NetBeans/glassfish3/glassfish/modules/endorsed/javax.annotation.jar:/Applications/NetBeans/glassfish3/glassfish/modules/bean-validator.jar:/Applications/NetBeans/glassfish3/glassfish/modules/jsf-api.jar:/Applications/NetBeans/glassfish3/glassfish/modules/javax.servlet.jar:/Applications/NetBeans/glassfish3/glassfish/modules/jstl-impl.jar:/Applications/NetBeans/glassfish3/glassfish/modules/javax.management.j2ee.jar:/Applications/NetBeans/glassfish3/glassfish/modules/endorsed/jaxb-api-osgi.jar:/Applications/NetBeans/glassfish3/glassfish/modules/javax.servlet.jsp.jar:/Applications/NetBeans/glassfish3/glassfish/modules/javax.resource.jar:/Applications/NetBeans/glassfish3/glassfish/modules/javax.ejb.jar:/Applications/NetBeans/glassfish3/glassfish/modules/javax.jms.jar:/Applications/NetBeans/glassfish3/glassfish/modules/javax.enterprise.deploy.jar:/Applications/NetBeans/glassfish3/glassfish/modules/javax.mail.jar:/Applications/NetBeans/glassfish3/glassfish/modules/javax.servlet.jsp.jstl.jar:/Applications/NetBeans/glassfish3/glassfish/modules/jersey-core.jar:/Applications/NetBeans/glassfish3/glassfish/modules/javax.security.auth.message.jar:/Applications/NetBeans/glassfish3/glassfish/modules/javax.transaction.jar:/Applications/NetBeans/glassfish3/glassfish/modules/jsf-impl.jar:/Applications/NetBeans/glassfish3/glassfish/modules/endorsed/webservices-api-osgi.jar:/Applications/NetBeans/glassfish3/glassfish/modules/web-core.jar:/Applications/NetBeans/glassfish3/glassfish/modules/jackson-core-asl.jar:/Applications/NetBeans/glassfish3/glassfish/modules/jackson-jaxrs.jar:/Applications/NetBeans/glassfish3/glassfish/modules/jackson-mapper-asl.jar:/Applications/NetBeans/glassfish3/glassfish/modules/jersey-client.jar:/Applications/NetBeans/glassfish3/glassfish/modules/jersey-core.jar:/Applications/NetBeans/glassfish3/glassfish/modules/jersey-gf-server.jar:/Applications/NetBeans/glassfish3/glassfish/modules/jersey-json.jar:/Applications/NetBeans/glassfish3/glassfish/modules/jersey-multipart.jar:/Applications/NetBeans/glassfish3/glassfish/modules/jettison.jar:/Applications/NetBeans/glassfish3/glassfish/modules/mimepull.jar" />
    <property name="java.vm.vendor" value="Apple Inc." />
    <property name="libs.CopyLibs.classpath" value="/Applications/NetBeans/NetBeans 7.0.app/Contents/Resources/NetBeans/java/ant/extra/org-netbeans-modules-java-j2seproject-copylibstask.jar" />
    <property name="libs.hadoop-library-0.19.2.maven-pom" value="" />
    <property name="libs.hadoop-library-0.18.3.classpath" value="/Users/uko/.netbeans/7.0/modules/ext/commons-cli-2.0-SNAPSHOT.jar:/Users/uko/.netbeans/7.0/modules/ext/commons-codec-1.4.jar:/Users/uko/.netbeans/7.0/modules/ext/commons-httpclient-3.1.jar:/Users/uko/.netbeans/7.0/modules/ext/commons-logging-1.1.1.jar:/Users/uko/.netbeans/7.0/modules/ext/commons-net-1.4.1.jar:/Users/uko/.netbeans/7.0/modules/ext/oro-2.0.8.jar:/Users/uko/.netbeans/7.0/modules/ext/log4j-1.2.15.jar:/Users/uko/.netbeans/7.0/modules/ext/xmlenc-0.52.jar:/Users/uko/.netbeans/7.0/modules/ext/jets3t-0.7.1.jar:/Users/uko/.netbeans/7.0/modules/ext/hadoop-0.18.3-core.jar:/Users/uko/.netbeans/7.0/modules/ext/hadoop-0.18.3-streaming.jar:/Users/uko/.netbeans/7.0/modules/ext/hadoop-0.18-karmasphere-extras.jar" />
    <property name="libs.spring-framework300.classpath" value="/Applications/NetBeans/NetBeans 7.0.app/Contents/Resources/NetBeans/ide/modules/ext/commons-logging-1.1.jar:/Applications/NetBeans/NetBeans 7.0.app/Contents/Resources/NetBeans/java/modules/ext/cglib-2.2.jar:/Applications/NetBeans/NetBeans 7.0.app/Contents/Resources/NetBeans/java/modules/ext/spring-3.0/spring-aop-3.0.2.RELEASE.jar:/Applications/NetBeans/NetBeans 7.0.app/Contents/Resources/NetBeans/java/modules/ext/spring-3.0/spring-asm-3.0.2.RELEASE.jar:/Applications/NetBeans/NetBeans 7.0.app/Contents/Resources/NetBeans/java/modules/ext/spring-3.0/spring-aspects-3.0.2.RELEASE.jar:/Applications/NetBeans/NetBeans 7.0.app/Contents/Resources/NetBeans/java/modules/ext/spring-3.0/spring-beans-3.0.2.RELEASE.jar:/Applications/NetBeans/NetBeans 7.0.app/Contents/Resources/NetBeans/java/modules/ext/spring-3.0/spring-context-3.0.2.RELEASE.jar:/Applications/NetBeans/NetBeans 7.0.app/Contents/Resources/NetBeans/java/modules/ext/spring-3.0/spring-context-support-3.0.2.RELEASE.jar:/Applications/NetBeans/NetBeans 7.0.app/Contents/Resources/NetBeans/java/modules/ext/spring-3.0/spring-core-3.0.2.RELEASE.jar:/Applications/NetBeans/NetBeans 7.0.app/Contents/Resources/NetBeans/java/modules/ext/spring-3.0/spring-expression-3.0.2.RELEASE.jar:/Applications/NetBeans/NetBeans 7.0.app/Contents/Resources/NetBeans/java/modules/ext/spring-3.0/spring-instrument-3.0.2.RELEASE.jar:/Applications/NetBeans/NetBeans 7.0.app/Contents/Resources/NetBeans/java/modules/ext/spring-3.0/spring-instrument-tomcat-3.0.2.RELEASE.jar:/Applications/NetBeans/NetBeans 7.0.app/Contents/Resources/NetBeans/java/modules/ext/spring-3.0/spring-jdbc-3.0.2.RELEASE.jar:/Applications/NetBeans/NetBeans 7.0.app/Contents/Resources/NetBeans/java/modules/ext/spring-3.0/spring-jms-3.0.2.RELEASE.jar:/Applications/NetBeans/NetBeans 7.0.app/Contents/Resources/NetBeans/java/modules/ext/spring-3.0/spring-orm-3.0.2.RELEASE.jar:/Applications/NetBeans/NetBeans 7.0.app/Contents/Resources/NetBeans/java/modules/ext/spring-3.0/spring-oxm-3.0.2.RELEASE.jar:/Applications/NetBeans/NetBeans 7.0.app/Contents/Resources/NetBeans/java/modules/ext/spring-3.0/spring-test-3.0.2.RELEASE.jar:/Applications/NetBeans/NetBeans 7.0.app/Contents/Resources/NetBeans/java/modules/ext/spring-3.0/spring-tx-3.0.2.RELEASE.jar:/Applications/NetBeans/NetBeans 7.0.app/Contents/Resources/NetBeans/java/modules/ext/spring-3.0/spring-web-3.0.2.RELEASE.jar:/Applications/NetBeans/NetBeans 7.0.app/Contents/Resources/NetBeans/java/modules/ext/spring-3.0/spring-webmvc-portlet-3.0.2.RELEASE.jar:/Applications/NetBeans/NetBeans 7.0.app/Contents/Resources/NetBeans/java/modules/ext/spring-3.0/spring-webmvc-3.0.2.RELEASE.jar:/Applications/NetBeans/NetBeans 7.0.app/Contents/Resources/NetBeans/java/modules/ext/spring-3.0/spring-struts-3.0.2.RELEASE.jar" />
    <property name="module.jar.dir" value="modules" />
    <property name="libs.jsp-compiler.maven-pom" value="" />
    <property name="build.package.compress" value="false" />
    <property name="build.compiler.debuglevel" value="source,lines,vars" />
    <property name="libs.spring-webmvc.maven-pom" value="" />
    <property name="libs.Java-EE-GlassFish-v3.wsinterop" value="" />
    <property name="libs.hadoop-library-0.19.2.src" value="/Users/uko/.netbeans/7.0/modules/ext/hadoop-0.19.2-sources.jar" />
    <property name="libs.ejb3-persistence.classpath" value="/Applications/NetBeans/NetBeans 7.0.app/Contents/Resources/NetBeans/java/modules/ext/hibernate/ejb3-persistence.jar" />
    <property name="license.file" value="/Users/uko/Development/Beans/nb-platform/Cryptology/Tools/build/no-license.txt" />
    <property name="libs.spring-framework.javadoc" value="" />
    <property name="libs.DataBindingME-PIM.src" value="/Applications/NetBeans/NetBeans 7.0.app/Contents/Resources/NetBeans/mobility/sources/netbeans_databindingme_pim-src.zip" />
    <property name="libs.PostgreSQLDriver.classpath" value="/Applications/NetBeans/NetBeans 7.0.app/Contents/Resources/NetBeans/ide/modules/ext/postgresql-8.3-603.jdbc3.jar" />
    <property name="libs.jsf12.maven-pom" value="" />
    <property name="module.auto.deps.xml" value="/Users/uko/Development/Beans/nb-platform/Cryptology/Tools/module-auto-deps.xml" />
    <property name="libs.junit.src" value="" />
    <property name="test.bootclasspath.prepend.args" value="" />
    <property name="build.dir" value="/Users/uko/Development/Beans/nb-platform/Cryptology/Tools/build" />
    <property name="libs.CopyLibs.src" value="" />
    <property name="module.jar.verifylinkageignores" value="" />
    <property name="libs.jsp-compilation.classpath" value="/Applications/NetBeans/NetBeans 7.0.app/Contents/Resources/NetBeans/java/ant/lib/ant.jar:/Applications/NetBeans/NetBeans 7.0.app/Contents/Resources/NetBeans/enterprise/modules/ext/servlet3.0-jsp2.2-api.jar:/Applications/NetBeans/NetBeans 7.0.app/Contents/Resources/NetBeans/enterprise/modules/ext/glassfish-jspparser-3.0.jar:/Applications/NetBeans/NetBeans 7.0.app/Contents/Resources/NetBeans/enterprise/modules/ext/jsf-2_0/jsf-api.jar:/Applications/NetBeans/NetBeans 7.0.app/Contents/Resources/NetBeans/enterprise/modules/ext/jstl.jar:/Applications/NetBeans/NetBeans 7.0.app/Contents/Resources/NetBeans/java/ant/lib/ant-launcher.jar" />
    <property name="module.jar" value="modules/uko-cryptology-tools.jar" />
    <property name="ant.version" value="Apache Ant(TM) version 1.8.2 compiled on December 20 2010" />
    <property name="file.encoding" value="MacRoman" />
    <property name="libs.hadoop-library.src" value="" />
    <property name="awt.toolkit" value="apple.awt.CToolkit" />
  </properties>
  <testcase classname="uko.cryptology.tools.BinaryMethodTest" name="testBinaryMethod" time="0.0040" />
  <testcase classname="uko.cryptology.tools.BinaryMethodTest" name="testBinaryMethod2" time="0.0" />
  <system-out><![CDATA[BinaryMethod
BinaryMethod
]]></system-out>
  <system-err><![CDATA[]]></system-err>
</testsuite>
